# JRE version: OpenJDK Runtime Environment Temurin-21.0.9+10 (21.0.9+10) (build 21.0.9+10-LTS)
# Java VM: OpenJDK 64-Bit Server VM Temurin-21.0.9+10 (21.0.9+10-LTS, mixed mode, sharing, tiered, compressed oops, compressed class ptrs, parallel gc, windows-amd64)
GC Precious Log:
 CardTable entry size: 512
 CPUs: 12 total, 12 available
 Memory: 16333M
 Large Page Support: Disabled
 NUMA Support: Disabled
 Compressed Oops: Enabled (32-bit)
 Alignments: Space 512K, Generation 512K, Heap 2M
 Heap Min Capacity: 100M
 Heap Initial Capacity: 100M
 Heap Max Capacity: 2G
 Pre-touch: Disabled
 Parallel Workers: 10
Heap:
 PSYoungGen      total 30208K, used 19280K [0x00000000d5580000, 0x00000000d7b80000, 0x0000000100000000)
  eden space 19968K, 62% used [0x00000000d5580000,0x00000000d619a340,0x00000000d6900000)
  from space 10240K, 67% used [0x00000000d7180000,0x00000000d7839f58,0x00000000d7b80000)
  to   space 8704K, 0% used [0x00000000d6900000,0x00000000d6900000,0x00000000d7180000)
 ParOldGen       total 1127424K, used 1127031K [0x0000000080000000, 0x00000000c4d00000, 0x00000000d5580000)
  object space 1127424K, 99% used [0x0000000080000000,0x00000000c4c9dff8,0x00000000c4d00000)
 Metaspace       used 82110K, committed 83648K, reserved 1179648K
  class space    used 8666K, committed 9472K, reserved 1048576K
GC Heap History (20 events):
Event: 14159.932 GC heap before
{Heap before GC invocations=1009 (full 7):
 PSYoungGen      total 10752K, used 9990K [0x00000000d5580000, 0x00000000d6600000, 0x0000000100000000)
  eden space 5632K, 92% used [0x00000000d5580000,0x00000000d5a99950,0x00000000d5b00000)
  from space 5120K, 93% used [0x00000000d6100000,0x00000000d65a8000,0x00000000d6600000)
  to   space 5120K, 0% used [0x00000000d5c00000,0x00000000d5c00000,0x00000000d6100000)
 ParOldGen       total 1062912K, used 1062666K [0x0000000080000000, 0x00000000c0e00000, 0x00000000d5580000)
  object space 1062912K, 99% used [0x0000000080000000,0x00000000c0dc2928,0x00000000c0e00000)
 Metaspace       used 82068K, committed 83648K, reserved 1179648K
  class space    used 8666K, committed 9472K, reserved 1048576K
}
Event: 14159.937 GC heap after
{Heap after GC invocations=1009 (full 7):
 PSYoungGen      total 11776K, used 4874K [0x00000000d5580000, 0x00000000d6680000, 0x0000000100000000)
  eden space 6656K, 0% used [0x00000000d5580000,0x00000000d5580000,0x00000000d5c00000)
  from space 5120K, 95% used [0x00000000d5c00000,0x00000000d60c2a00,0x00000000d6100000)
  to   space 5120K, 0% used [0x00000000d6180000,0x00000000d6180000,0x00000000d6680000)
 ParOldGen       total 1067520K, used 1067322K [0x0000000080000000, 0x00000000c1280000, 0x00000000d5580000)
  object space 1067520K, 99% used [0x0000000080000000,0x00000000c124e928,0x00000000c1280000)
 Metaspace       used 82068K, committed 83648K, reserved 1179648K
  class space    used 8666K, committed 9472K, reserved 1048576K
}
Event: 14159.983 GC heap before
{Heap before GC invocations=1010 (full 7):
 PSYoungGen      total 11776K, used 11287K [0x00000000d5580000, 0x00000000d6680000, 0x0000000100000000)
  eden space 6656K, 96% used [0x00000000d5580000,0x00000000d5bc3418,0x00000000d5c00000)
  from space 5120K, 95% used [0x00000000d5c00000,0x00000000d60c2a00,0x00000000d6100000)
  to   space 5120K, 0% used [0x00000000d6180000,0x00000000d6180000,0x00000000d6680000)
 ParOldGen       total 1067520K, used 1067322K [0x0000000080000000, 0x00000000c1280000, 0x00000000d5580000)
  object space 1067520K, 99% used [0x0000000080000000,0x00000000c124e928,0x00000000c1280000)
 Metaspace       used 82068K, committed 83648K, reserved 1179648K
  class space    used 8666K, committed 9472K, reserved 1048576K
}
Event: 14159.990 GC heap after
{Heap after GC invocations=1010 (full 7):
 PSYoungGen      total 12800K, used 4299K [0x00000000d5580000, 0x00000000d6680000, 0x0000000100000000)
  eden space 7680K, 0% used [0x00000000d5580000,0x00000000d5580000,0x00000000d5d00000)
  from space 5120K, 83% used [0x00000000d6180000,0x00000000d65b2de8,0x00000000d6680000)
  to   space 4608K, 0% used [0x00000000d5d00000,0x00000000d5d00000,0x00000000d6180000)
 ParOldGen       total 1071616K, used 1071146K [0x0000000080000000, 0x00000000c1680000, 0x00000000d5580000)
  object space 1071616K, 99% used [0x0000000080000000,0x00000000c160a928,0x00000000c1680000)
 Metaspace       used 82068K, committed 83648K, reserved 1179648K
  class space    used 8666K, committed 9472K, reserved 1048576K
}
Event: 14159.996 GC heap before
{Heap before GC invocations=1011 (full 7):
 PSYoungGen      total 12800K, used 11979K [0x00000000d5580000, 0x00000000d6680000, 0x0000000100000000)
  eden space 7680K, 100% used [0x00000000d5580000,0x00000000d5d00000,0x00000000d5d00000)
  from space 5120K, 83% used [0x00000000d6180000,0x00000000d65b2de8,0x00000000d6680000)
  to   space 4608K, 0% used [0x00000000d5d00000,0x00000000d5d00000,0x00000000d6180000)
 ParOldGen       total 1071616K, used 1071146K [0x0000000080000000, 0x00000000c1680000, 0x00000000d5580000)
  object space 1071616K, 99% used [0x0000000080000000,0x00000000c160a928,0x00000000c1680000)
 Metaspace       used 82068K, committed 83648K, reserved 1179648K
  class space    used 8666K, committed 9472K, reserved 1048576K
}
Event: 14160.003 GC heap after
{Heap after GC invocations=1011 (full 7):
 PSYoungGen      total 12288K, used 4592K [0x00000000d5580000, 0x00000000d7280000, 0x0000000100000000)
  eden space 7680K, 0% used [0x00000000d5580000,0x00000000d5580000,0x00000000d5d00000)
  from space 4608K, 99% used [0x00000000d5d00000,0x00000000d617c188,0x00000000d6180000)
  to   space 10240K, 0% used [0x00000000d6880000,0x00000000d6880000,0x00000000d7280000)
 ParOldGen       total 1076224K, used 1075909K [0x0000000080000000, 0x00000000c1b00000, 0x00000000d5580000)
  object space 1076224K, 99% used [0x0000000080000000,0x00000000c1ab1730,0x00000000c1b00000)
 Metaspace       used 82068K, committed 83648K, reserved 1179648K
  class space    used 8666K, committed 9472K, reserved 1048576K
}
Event: 14160.009 GC heap before
{Heap before GC invocations=1012 (full 7):
 PSYoungGen      total 12288K, used 12224K [0x00000000d5580000, 0x00000000d7280000, 0x0000000100000000)
  eden space 7680K, 99% used [0x00000000d5580000,0x00000000d5cf40a8,0x00000000d5d00000)
  from space 4608K, 99% used [0x00000000d5d00000,0x00000000d617c188,0x00000000d6180000)
  to   space 10240K, 0% used [0x00000000d6880000,0x00000000d6880000,0x00000000d7280000)
 ParOldGen       total 1076224K, used 1075909K [0x0000000080000000, 0x00000000c1b00000, 0x00000000d5580000)
  object space 1076224K, 99% used [0x0000000080000000,0x00000000c1ab1730,0x00000000c1b00000)
 Metaspace       used 82068K, committed 83648K, reserved 1179648K
  class space    used 8666K, committed 9472K, reserved 1048576K
}
Event: 14160.016 GC heap after
{Heap after GC invocations=1012 (full 7):
 PSYoungGen      total 17408K, used 7778K [0x00000000d5580000, 0x00000000d7080000, 0x0000000100000000)
  eden space 9216K, 0% used [0x00000000d5580000,0x00000000d5580000,0x00000000d5e80000)
  from space 8192K, 94% used [0x00000000d6880000,0x00000000d7018928,0x00000000d7080000)
  to   space 8704K, 0% used [0x00000000d5f80000,0x00000000d5f80000,0x00000000d6800000)
 ParOldGen       total 1080832K, used 1080562K [0x0000000080000000, 0x00000000c1f80000, 0x00000000d5580000)
  object space 1080832K, 99% used [0x0000000080000000,0x00000000c1f3caf8,0x00000000c1f80000)
 Metaspace       used 82068K, committed 83648K, reserved 1179648K
  class space    used 8666K, committed 9472K, reserved 1048576K
}
Event: 14160.034 GC heap before
{Heap before GC invocations=1013 (full 7):
 PSYoungGen      total 17408K, used 16994K [0x00000000d5580000, 0x00000000d7080000, 0x0000000100000000)
  eden space 9216K, 100% used [0x00000000d5580000,0x00000000d5e80000,0x00000000d5e80000)
  from space 8192K, 94% used [0x00000000d6880000,0x00000000d7018928,0x00000000d7080000)
  to   space 8704K, 0% used [0x00000000d5f80000,0x00000000d5f80000,0x00000000d6800000)
 ParOldGen       total 1080832K, used 1080562K [0x0000000080000000, 0x00000000c1f80000, 0x00000000d5580000)
  object space 1080832K, 99% used [0x0000000080000000,0x00000000c1f3caf8,0x00000000c1f80000)
 Metaspace       used 82068K, committed 83648K, reserved 1179648K
  class space    used 8666K, committed 9472K, reserved 1048576K
}
Event: 14160.041 GC heap after
{Heap after GC invocations=1013 (full 7):
 PSYoungGen      total 16384K, used 5632K [0x00000000d5580000, 0x00000000d6d80000, 0x0000000100000000)
  eden space 10240K, 0% used [0x00000000d5580000,0x00000000d5580000,0x00000000d5f80000)
  from space 6144K, 91% used [0x00000000d5f80000,0x00000000d6500050,0x00000000d6580000)
  to   space 6656K, 0% used [0x00000000d6700000,0x00000000d6700000,0x00000000d6d80000)
 ParOldGen       total 1088512K, used 1088144K [0x0000000080000000, 0x00000000c2700000, 0x00000000d5580000)
  object space 1088512K, 99% used [0x0000000080000000,0x00000000c26a4208,0x00000000c2700000)
 Metaspace       used 82068K, committed 83648K, reserved 1179648K
  class space    used 8666K, committed 9472K, reserved 1048576K
}
Event: 14213.006 GC heap before
{Heap before GC invocations=1014 (full 7):
 PSYoungGen      total 16384K, used 15872K [0x00000000d5580000, 0x00000000d6d80000, 0x0000000100000000)
  eden space 10240K, 100% used [0x00000000d5580000,0x00000000d5f80000,0x00000000d5f80000)
  from space 6144K, 91% used [0x00000000d5f80000,0x00000000d6500050,0x00000000d6580000)
  to   space 6656K, 0% used [0x00000000d6700000,0x00000000d6700000,0x00000000d6d80000)
 ParOldGen       total 1088512K, used 1088144K [0x0000000080000000, 0x00000000c2700000, 0x00000000d5580000)
  object space 1088512K, 99% used [0x0000000080000000,0x00000000c26a4208,0x00000000c2700000)
 Metaspace       used 82075K, committed 83648K, reserved 1179648K
  class space    used 8666K, committed 9472K, reserved 1048576K
}
Event: 14213.011 GC heap after
{Heap after GC invocations=1014 (full 7):
 PSYoungGen      total 14848K, used 2507K [0x00000000d5580000, 0x00000000d6980000, 0x0000000100000000)
  eden space 12288K, 0% used [0x00000000d5580000,0x00000000d5580000,0x00000000d6180000)
  from space 2560K, 97% used [0x00000000d6700000,0x00000000d6972c40,0x00000000d6980000)
  to   space 4096K, 0% used [0x00000000d6180000,0x00000000d6180000,0x00000000d6580000)
 ParOldGen       total 1092096K, used 1092080K [0x0000000080000000, 0x00000000c2a80000, 0x00000000d5580000)
  object space 1092096K, 99% used [0x0000000080000000,0x00000000c2a7c208,0x00000000c2a80000)
 Metaspace       used 82075K, committed 83648K, reserved 1179648K
  class space    used 8666K, committed 9472K, reserved 1048576K
}
Event: 14213.028 GC heap before
{Heap before GC invocations=1015 (full 7):
 PSYoungGen      total 14848K, used 14795K [0x00000000d5580000, 0x00000000d6980000, 0x0000000100000000)
  eden space 12288K, 100% used [0x00000000d5580000,0x00000000d6180000,0x00000000d6180000)
  from space 2560K, 97% used [0x00000000d6700000,0x00000000d6972c40,0x00000000d6980000)
  to   space 4096K, 0% used [0x00000000d6180000,0x00000000d6180000,0x00000000d6580000)
 ParOldGen       total 1092096K, used 1092080K [0x0000000080000000, 0x00000000c2a80000, 0x00000000d5580000)
  object space 1092096K, 99% used [0x0000000080000000,0x00000000c2a7c208,0x00000000c2a80000)
 Metaspace       used 82075K, committed 83648K, reserved 1179648K
  class space    used 8666K, committed 9472K, reserved 1048576K
}
Event: 14213.036 GC heap after
{Heap after GC invocations=1015 (full 7):
 PSYoungGen      total 16384K, used 4096K [0x00000000d5580000, 0x00000000d8500000, 0x0000000100000000)
  eden space 12288K, 0% used [0x00000000d5580000,0x00000000d5580000,0x00000000d6180000)
  from space 4096K, 100% used [0x00000000d6180000,0x00000000d6580000,0x00000000d6580000)
  to   space 16896K, 0% used [0x00000000d7480000,0x00000000d7480000,0x00000000d8500000)
 ParOldGen       total 1102848K, used 1102670K [0x0000000080000000, 0x00000000c3500000, 0x00000000d5580000)
  object space 1102848K, 99% used [0x0000000080000000,0x00000000c34d3be8,0x00000000c3500000)
 Metaspace       used 82075K, committed 83648K, reserved 1179648K
  class space    used 8666K, committed 9472K, reserved 1048576K
}
Event: 14213.092 GC heap before
{Heap before GC invocations=1016 (full 7):
 PSYoungGen      total 16384K, used 16384K [0x00000000d5580000, 0x00000000d8500000, 0x0000000100000000)
  eden space 12288K, 100% used [0x00000000d5580000,0x00000000d6180000,0x00000000d6180000)
  from space 4096K, 100% used [0x00000000d6180000,0x00000000d6580000,0x00000000d6580000)
  to   space 16896K, 0% used [0x00000000d7480000,0x00000000d7480000,0x00000000d8500000)
 ParOldGen       total 1102848K, used 1102670K [0x0000000080000000, 0x00000000c3500000, 0x00000000d5580000)
  object space 1102848K, 99% used [0x0000000080000000,0x00000000c34d3be8,0x00000000c3500000)
 Metaspace       used 82075K, committed 83648K, reserved 1179648K
  class space    used 8666K, committed 9472K, reserved 1048576K
}
Event: 14213.101 GC heap after
{Heap after GC invocations=1016 (full 7):
 PSYoungGen      total 25600K, used 10664K [0x00000000d5580000, 0x00000000d7f00000, 0x0000000100000000)
  eden space 14848K, 0% used [0x00000000d5580000,0x00000000d5580000,0x00000000d6400000)
  from space 10752K, 99% used [0x00000000d7480000,0x00000000d7eea3b0,0x00000000d7f00000)
  to   space 12288K, 0% used [0x00000000d6700000,0x00000000d6700000,0x00000000d7300000)
 ParOldGen       total 1106944K, used 1106830K [0x0000000080000000, 0x00000000c3900000, 0x00000000d5580000)
  object space 1106944K, 99% used [0x0000000080000000,0x00000000c38e3be8,0x00000000c3900000)
 Metaspace       used 82075K, committed 83648K, reserved 1179648K
  class space    used 8666K, committed 9472K, reserved 1048576K
}
Event: 14213.134 GC heap before
{Heap before GC invocations=1017 (full 7):
 PSYoungGen      total 25600K, used 25512K [0x00000000d5580000, 0x00000000d7f00000, 0x0000000100000000)
  eden space 14848K, 100% used [0x00000000d5580000,0x00000000d6400000,0x00000000d6400000)
  from space 10752K, 99% used [0x00000000d7480000,0x00000000d7eea3b0,0x00000000d7f00000)
  to   space 12288K, 0% used [0x00000000d6700000,0x00000000d6700000,0x00000000d7300000)
 ParOldGen       total 1106944K, used 1106830K [0x0000000080000000, 0x00000000c3900000, 0x00000000d5580000)
  object space 1106944K, 99% used [0x0000000080000000,0x00000000c38e3be8,0x00000000c3900000)
 Metaspace       used 82081K, committed 83648K, reserved 1179648K
  class space    used 8666K, committed 9472K, reserved 1048576K
}
Event: 14213.145 GC heap after
{Heap after GC invocations=1017 (full 7):
 PSYoungGen      total 28672K, used 10392K [0x00000000d5580000, 0x00000000d7c00000, 0x0000000100000000)
  eden space 17920K, 0% used [0x00000000d5580000,0x00000000d5580000,0x00000000d6700000)
  from space 10752K, 96% used [0x00000000d6700000,0x00000000d7126040,0x00000000d7180000)
  to   space 10752K, 0% used [0x00000000d7180000,0x00000000d7180000,0x00000000d7c00000)
 ParOldGen       total 1117696K, used 1117367K [0x0000000080000000, 0x00000000c4380000, 0x00000000d5580000)
  object space 1117696K, 99% used [0x0000000080000000,0x00000000c432df98,0x00000000c4380000)
 Metaspace       used 82081K, committed 83648K, reserved 1179648K
  class space    used 8666K, committed 9472K, reserved 1048576K
}
Event: 14213.175 GC heap before
{Heap before GC invocations=1018 (full 7):
 PSYoungGen      total 28672K, used 28312K [0x00000000d5580000, 0x00000000d7c00000, 0x0000000100000000)
  eden space 17920K, 100% used [0x00000000d5580000,0x00000000d6700000,0x00000000d6700000)
  from space 10752K, 96% used [0x00000000d6700000,0x00000000d7126040,0x00000000d7180000)
  to   space 10752K, 0% used [0x00000000d7180000,0x00000000d7180000,0x00000000d7c00000)
 ParOldGen       total 1117696K, used 1117367K [0x0000000080000000, 0x00000000c4380000, 0x00000000d5580000)
  object space 1117696K, 99% used [0x0000000080000000,0x00000000c432df98,0x00000000c4380000)
 Metaspace       used 82081K, committed 83648K, reserved 1179648K
  class space    used 8666K, committed 9472K, reserved 1048576K
}
Event: 14213.184 GC heap after
{Heap after GC invocations=1018 (full 7):
 PSYoungGen      total 30208K, used 6887K [0x00000000d5580000, 0x00000000d7b80000, 0x0000000100000000)
  eden space 19968K, 0% used [0x00000000d5580000,0x00000000d5580000,0x00000000d6900000)
  from space 10240K, 67% used [0x00000000d7180000,0x00000000d7839f58,0x00000000d7b80000)
  to   space 8704K, 0% used [0x00000000d6900000,0x00000000d6900000,0x00000000d7180000)
 ParOldGen       total 1127424K, used 1127031K [0x0000000080000000, 0x00000000c4d00000, 0x00000000d5580000)
  object space 1127424K, 99% used [0x0000000080000000,0x00000000c4c9dff8,0x00000000c4d00000)
 Metaspace       used 82081K, committed 83648K, reserved 1179648K
  class space    used 8666K, committed 9472K, reserved 1048576K
}

