# JRE version: OpenJDK Runtime Environment Temurin-21.0.9+10 (21.0.9+10) (build 21.0.9+10-LTS)
# Java VM: OpenJDK 64-Bit Server VM Temurin-21.0.9+10 (21.0.9+10-LTS, mixed mode, sharing, tiered, compressed oops, compressed class ptrs, parallel gc, windows-amd64)
GC Precious Log:
 CardTable entry size: 512
 CPUs: 12 total, 12 available
 Memory: 16333M
 Large Page Support: Disabled
 NUMA Support: Disabled
 Compressed Oops: Enabled (32-bit)
 Alignments: Space 512K, Generation 512K, Heap 2M
 Heap Min Capacity: 100M
 Heap Initial Capacity: 100M
 Heap Max Capacity: 2G
 Pre-touch: Disabled
 Parallel Workers: 10
Heap:
 PSYoungGen      total 18432K, used 14173K [0x00000000d5580000, 0x00000000d6a80000, 0x0000000100000000)
  eden space 16384K, 76% used [0x00000000d5580000,0x00000000d61c3730,0x00000000d6580000)
  from space 2048K, 78% used [0x00000000d6580000,0x00000000d6714030,0x00000000d6780000)
  to   space 2560K, 0% used [0x00000000d6800000,0x00000000d6800000,0x00000000d6a80000)
 ParOldGen       total 95232K, used 94722K [0x0000000080000000, 0x0000000085d00000, 0x00000000d5580000)
  object space 95232K, 99% used [0x0000000080000000,0x0000000085c80948,0x0000000085d00000)
 Metaspace       used 68029K, committed 69440K, reserved 1114112K
  class space    used 7758K, committed 8384K, reserved 1048576K
GC Heap History (20 events):
Event: 10.170 GC heap before
{Heap before GC invocations=89 (full 3):
 PSYoungGen      total 20480K, used 20257K [0x00000000d5580000, 0x00000000d6a80000, 0x0000000100000000)
  eden space 19456K, 100% used [0x00000000d5580000,0x00000000d6880000,0x00000000d6880000)
  from space 1024K, 78% used [0x00000000d6880000,0x00000000d6948670,0x00000000d6980000)
  to   space 1024K, 0% used [0x00000000d6980000,0x00000000d6980000,0x00000000d6a80000)
 ParOldGen       total 84480K, used 84168K [0x0000000080000000, 0x0000000085280000, 0x00000000d5580000)
  object space 84480K, 99% used [0x0000000080000000,0x00000000852322d8,0x0000000085280000)
 Metaspace       used 64395K, committed 65920K, reserved 1114112K
  class space    used 7492K, committed 8128K, reserved 1048576K
}
Event: 10.172 GC heap after
{Heap after GC invocations=89 (full 3):
 PSYoungGen      total 19456K, used 1022K [0x00000000d5580000, 0x00000000d6c80000, 0x0000000100000000)
  eden space 18432K, 0% used [0x00000000d5580000,0x00000000d5580000,0x00000000d6780000)
  from space 1024K, 99% used [0x00000000d6980000,0x00000000d6a7f9a0,0x00000000d6a80000)
  to   space 2048K, 0% used [0x00000000d6780000,0x00000000d6780000,0x00000000d6980000)
 ParOldGen       total 84992K, used 84837K [0x0000000080000000, 0x0000000085300000, 0x00000000d5580000)
  object space 84992K, 99% used [0x0000000080000000,0x00000000852d9438,0x0000000085300000)
 Metaspace       used 64395K, committed 65920K, reserved 1114112K
  class space    used 7492K, committed 8128K, reserved 1048576K
}
Event: 10.194 GC heap before
{Heap before GC invocations=90 (full 3):
 PSYoungGen      total 19456K, used 19454K [0x00000000d5580000, 0x00000000d6c80000, 0x0000000100000000)
  eden space 18432K, 100% used [0x00000000d5580000,0x00000000d6780000,0x00000000d6780000)
  from space 1024K, 99% used [0x00000000d6980000,0x00000000d6a7f9a0,0x00000000d6a80000)
  to   space 2048K, 0% used [0x00000000d6780000,0x00000000d6780000,0x00000000d6980000)
 ParOldGen       total 84992K, used 84837K [0x0000000080000000, 0x0000000085300000, 0x00000000d5580000)
  object space 84992K, 99% used [0x0000000080000000,0x00000000852d9438,0x0000000085300000)
 Metaspace       used 64395K, committed 65920K, reserved 1114112K
  class space    used 7492K, committed 8128K, reserved 1048576K
}
Event: 10.196 GC heap after
{Heap after GC invocations=90 (full 3):
 PSYoungGen      total 19456K, used 723K [0x00000000d5580000, 0x00000000d6a80000, 0x0000000100000000)
  eden space 18432K, 0% used [0x00000000d5580000,0x00000000d5580000,0x00000000d6780000)
  from space 1024K, 70% used [0x00000000d6780000,0x00000000d6834ee8,0x00000000d6880000)
  to   space 1536K, 0% used [0x00000000d6900000,0x00000000d6900000,0x00000000d6a80000)
 ParOldGen       total 86016K, used 85804K [0x0000000080000000, 0x0000000085400000, 0x00000000d5580000)
  object space 86016K, 99% used [0x0000000080000000,0x00000000853cb320,0x0000000085400000)
 Metaspace       used 64395K, committed 65920K, reserved 1114112K
  class space    used 7492K, committed 8128K, reserved 1048576K
}
Event: 10.222 GC heap before
{Heap before GC invocations=91 (full 3):
 PSYoungGen      total 19456K, used 19155K [0x00000000d5580000, 0x00000000d6a80000, 0x0000000100000000)
  eden space 18432K, 100% used [0x00000000d5580000,0x00000000d6780000,0x00000000d6780000)
  from space 1024K, 70% used [0x00000000d6780000,0x00000000d6834ee8,0x00000000d6880000)
  to   space 1536K, 0% used [0x00000000d6900000,0x00000000d6900000,0x00000000d6a80000)
 ParOldGen       total 86016K, used 85804K [0x0000000080000000, 0x0000000085400000, 0x00000000d5580000)
  object space 86016K, 99% used [0x0000000080000000,0x00000000853cb320,0x0000000085400000)
 Metaspace       used 64395K, committed 65920K, reserved 1114112K
  class space    used 7492K, committed 8128K, reserved 1048576K
}
Event: 10.224 GC heap after
{Heap after GC invocations=91 (full 3):
 PSYoungGen      total 19968K, used 1190K [0x00000000d5580000, 0x00000000d6a80000, 0x0000000100000000)
  eden space 18432K, 0% used [0x00000000d5580000,0x00000000d5580000,0x00000000d6780000)
  from space 1536K, 77% used [0x00000000d6900000,0x00000000d6a299e8,0x00000000d6a80000)
  to   space 1536K, 0% used [0x00000000d6780000,0x00000000d6780000,0x00000000d6900000)
 ParOldGen       total 86528K, used 86308K [0x0000000080000000, 0x0000000085480000, 0x00000000d5580000)
  object space 86528K, 99% used [0x0000000080000000,0x00000000854491d0,0x0000000085480000)
 Metaspace       used 64395K, committed 65920K, reserved 1114112K
  class space    used 7492K, committed 8128K, reserved 1048576K
}
Event: 10.253 GC heap before
{Heap before GC invocations=92 (full 3):
 PSYoungGen      total 19968K, used 19622K [0x00000000d5580000, 0x00000000d6a80000, 0x0000000100000000)
  eden space 18432K, 100% used [0x00000000d5580000,0x00000000d6780000,0x00000000d6780000)
  from space 1536K, 77% used [0x00000000d6900000,0x00000000d6a299e8,0x00000000d6a80000)
  to   space 1536K, 0% used [0x00000000d6780000,0x00000000d6780000,0x00000000d6900000)
 ParOldGen       total 86528K, used 86308K [0x0000000080000000, 0x0000000085480000, 0x00000000d5580000)
  object space 86528K, 99% used [0x0000000080000000,0x00000000854491d0,0x0000000085480000)
 Metaspace       used 64398K, committed 65920K, reserved 1114112K
  class space    used 7492K, committed 8128K, reserved 1048576K
}
Event: 10.254 GC heap after
{Heap after GC invocations=92 (full 3):
 PSYoungGen      total 19456K, used 715K [0x00000000d5580000, 0x00000000d6980000, 0x0000000100000000)
  eden space 18432K, 0% used [0x00000000d5580000,0x00000000d5580000,0x00000000d6780000)
  from space 1024K, 69% used [0x00000000d6780000,0x00000000d6832df0,0x00000000d6880000)
  to   space 1024K, 0% used [0x00000000d6880000,0x00000000d6880000,0x00000000d6980000)
 ParOldGen       total 87552K, used 87315K [0x0000000080000000, 0x0000000085580000, 0x00000000d5580000)
  object space 87552K, 99% used [0x0000000080000000,0x0000000085544e68,0x0000000085580000)
 Metaspace       used 64398K, committed 65920K, reserved 1114112K
  class space    used 7492K, committed 8128K, reserved 1048576K
}
Event: 10.313 GC heap before
{Heap before GC invocations=93 (full 3):
 PSYoungGen      total 19456K, used 19147K [0x00000000d5580000, 0x00000000d6980000, 0x0000000100000000)
  eden space 18432K, 100% used [0x00000000d5580000,0x00000000d6780000,0x00000000d6780000)
  from space 1024K, 69% used [0x00000000d6780000,0x00000000d6832df0,0x00000000d6880000)
  to   space 1024K, 0% used [0x00000000d6880000,0x00000000d6880000,0x00000000d6980000)
 ParOldGen       total 87552K, used 87315K [0x0000000080000000, 0x0000000085580000, 0x00000000d5580000)
  object space 87552K, 99% used [0x0000000080000000,0x0000000085544e68,0x0000000085580000)
 Metaspace       used 64805K, committed 66304K, reserved 1114112K
  class space    used 7538K, committed 8192K, reserved 1048576K
}
Event: 10.315 GC heap after
{Heap after GC invocations=93 (full 3):
 PSYoungGen      total 19456K, used 964K [0x00000000d5580000, 0x00000000d6980000, 0x0000000100000000)
  eden space 18432K, 0% used [0x00000000d5580000,0x00000000d5580000,0x00000000d6780000)
  from space 1024K, 94% used [0x00000000d6880000,0x00000000d69712c8,0x00000000d6980000)
  to   space 1024K, 0% used [0x00000000d6780000,0x00000000d6780000,0x00000000d6880000)
 ParOldGen       total 88064K, used 87836K [0x0000000080000000, 0x0000000085600000, 0x00000000d5580000)
  object space 88064K, 99% used [0x0000000080000000,0x00000000855c7128,0x0000000085600000)
 Metaspace       used 64805K, committed 66304K, reserved 1114112K
  class space    used 7538K, committed 8192K, reserved 1048576K
}
Event: 10.476 GC heap before
{Heap before GC invocations=94 (full 3):
 PSYoungGen      total 19456K, used 19396K [0x00000000d5580000, 0x00000000d6980000, 0x0000000100000000)
  eden space 18432K, 100% used [0x00000000d5580000,0x00000000d6780000,0x00000000d6780000)
  from space 1024K, 94% used [0x00000000d6880000,0x00000000d69712c8,0x00000000d6980000)
  to   space 1024K, 0% used [0x00000000d6780000,0x00000000d6780000,0x00000000d6880000)
 ParOldGen       total 88064K, used 87836K [0x0000000080000000, 0x0000000085600000, 0x00000000d5580000)
  object space 88064K, 99% used [0x0000000080000000,0x00000000855c7128,0x0000000085600000)
 Metaspace       used 65404K, committed 66816K, reserved 1114112K
  class space    used 7589K, committed 8192K, reserved 1048576K
}
Event: 10.479 GC heap after
{Heap after GC invocations=94 (full 3):
 PSYoungGen      total 19456K, used 1001K [0x00000000d5580000, 0x00000000d6d80000, 0x0000000100000000)
  eden space 18432K, 0% used [0x00000000d5580000,0x00000000d5580000,0x00000000d6780000)
  from space 1024K, 97% used [0x00000000d6780000,0x00000000d687a450,0x00000000d6880000)
  to   space 3072K, 0% used [0x00000000d6a80000,0x00000000d6a80000,0x00000000d6d80000)
 ParOldGen       total 89600K, used 89333K [0x0000000080000000, 0x0000000085780000, 0x00000000d5580000)
  object space 89600K, 99% used [0x0000000080000000,0x000000008573d6b0,0x0000000085780000)
 Metaspace       used 65404K, committed 66816K, reserved 1114112K
  class space    used 7589K, committed 8192K, reserved 1048576K
}
Event: 10.571 GC heap before
{Heap before GC invocations=95 (full 3):
 PSYoungGen      total 19456K, used 19433K [0x00000000d5580000, 0x00000000d6d80000, 0x0000000100000000)
  eden space 18432K, 100% used [0x00000000d5580000,0x00000000d6780000,0x00000000d6780000)
  from space 1024K, 97% used [0x00000000d6780000,0x00000000d687a450,0x00000000d6880000)
  to   space 3072K, 0% used [0x00000000d6a80000,0x00000000d6a80000,0x00000000d6d80000)
 ParOldGen       total 89600K, used 89333K [0x0000000080000000, 0x0000000085780000, 0x00000000d5580000)
  object space 89600K, 99% used [0x0000000080000000,0x000000008573d6b0,0x0000000085780000)
 Metaspace       used 65566K, committed 67008K, reserved 1114112K
  class space    used 7592K, committed 8192K, reserved 1048576K
}
Event: 10.574 GC heap after
{Heap after GC invocations=95 (full 3):
 PSYoungGen      total 19968K, used 1136K [0x00000000d5580000, 0x00000000d6c00000, 0x0000000100000000)
  eden space 18432K, 0% used [0x00000000d5580000,0x00000000d5580000,0x00000000d6780000)
  from space 1536K, 73% used [0x00000000d6a80000,0x00000000d6b9c010,0x00000000d6c00000)
  to   space 2048K, 0% used [0x00000000d6800000,0x00000000d6800000,0x00000000d6a00000)
 ParOldGen       total 90624K, used 90359K [0x0000000080000000, 0x0000000085880000, 0x00000000d5580000)
  object space 90624K, 99% used [0x0000000080000000,0x000000008583def8,0x0000000085880000)
 Metaspace       used 65566K, committed 67008K, reserved 1114112K
  class space    used 7592K, committed 8192K, reserved 1048576K
}
Event: 10.667 GC heap before
{Heap before GC invocations=96 (full 3):
 PSYoungGen      total 19968K, used 19568K [0x00000000d5580000, 0x00000000d6c00000, 0x0000000100000000)
  eden space 18432K, 100% used [0x00000000d5580000,0x00000000d6780000,0x00000000d6780000)
  from space 1536K, 73% used [0x00000000d6a80000,0x00000000d6b9c010,0x00000000d6c00000)
  to   space 2048K, 0% used [0x00000000d6800000,0x00000000d6800000,0x00000000d6a00000)
 ParOldGen       total 90624K, used 90359K [0x0000000080000000, 0x0000000085880000, 0x00000000d5580000)
  object space 90624K, 99% used [0x0000000080000000,0x000000008583def8,0x0000000085880000)
 Metaspace       used 65838K, committed 67264K, reserved 1114112K
  class space    used 7608K, committed 8256K, reserved 1048576K
}
Event: 10.668 GC heap after
{Heap after GC invocations=96 (full 3):
 PSYoungGen      total 19968K, used 1109K [0x00000000d5580000, 0x00000000d6b00000, 0x0000000100000000)
  eden space 18432K, 0% used [0x00000000d5580000,0x00000000d5580000,0x00000000d6780000)
  from space 1536K, 72% used [0x00000000d6800000,0x00000000d6915428,0x00000000d6980000)
  to   space 1536K, 0% used [0x00000000d6980000,0x00000000d6980000,0x00000000d6b00000)
 ParOldGen       total 91648K, used 91204K [0x0000000080000000, 0x0000000085980000, 0x00000000d5580000)
  object space 91648K, 99% used [0x0000000080000000,0x0000000085911278,0x0000000085980000)
 Metaspace       used 65838K, committed 67264K, reserved 1114112K
  class space    used 7608K, committed 8256K, reserved 1048576K
}
Event: 10.981 GC heap before
{Heap before GC invocations=97 (full 3):
 PSYoungGen      total 19968K, used 19541K [0x00000000d5580000, 0x00000000d6b00000, 0x0000000100000000)
  eden space 18432K, 100% used [0x00000000d5580000,0x00000000d6780000,0x00000000d6780000)
  from space 1536K, 72% used [0x00000000d6800000,0x00000000d6915428,0x00000000d6980000)
  to   space 1536K, 0% used [0x00000000d6980000,0x00000000d6980000,0x00000000d6b00000)
 ParOldGen       total 91648K, used 91204K [0x0000000080000000, 0x0000000085980000, 0x00000000d5580000)
  object space 91648K, 99% used [0x0000000080000000,0x0000000085911278,0x0000000085980000)
 Metaspace       used 67309K, committed 68800K, reserved 1114112K
  class space    used 7744K, committed 8384K, reserved 1048576K
}
Event: 10.985 GC heap after
{Heap after GC invocations=97 (full 3):
 PSYoungGen      total 17920K, used 1520K [0x00000000d5580000, 0x00000000d6f80000, 0x0000000100000000)
  eden space 16384K, 0% used [0x00000000d5580000,0x00000000d5580000,0x00000000d6580000)
  from space 1536K, 98% used [0x00000000d6980000,0x00000000d6afc278,0x00000000d6b00000)
  to   space 4096K, 0% used [0x00000000d6580000,0x00000000d6580000,0x00000000d6980000)
 ParOldGen       total 93184K, used 93178K [0x0000000080000000, 0x0000000085b00000, 0x00000000d5580000)
  object space 93184K, 99% used [0x0000000080000000,0x0000000085afe9e8,0x0000000085b00000)
 Metaspace       used 67309K, committed 68800K, reserved 1114112K
  class space    used 7744K, committed 8384K, reserved 1048576K
}
Event: 11.058 GC heap before
{Heap before GC invocations=98 (full 3):
 PSYoungGen      total 17920K, used 17904K [0x00000000d5580000, 0x00000000d6f80000, 0x0000000100000000)
  eden space 16384K, 100% used [0x00000000d5580000,0x00000000d6580000,0x00000000d6580000)
  from space 1536K, 98% used [0x00000000d6980000,0x00000000d6afc278,0x00000000d6b00000)
  to   space 4096K, 0% used [0x00000000d6580000,0x00000000d6580000,0x00000000d6980000)
 ParOldGen       total 93184K, used 93178K [0x0000000080000000, 0x0000000085b00000, 0x00000000d5580000)
  object space 93184K, 99% used [0x0000000080000000,0x0000000085afe9e8,0x0000000085b00000)
 Metaspace       used 67416K, committed 68928K, reserved 1114112K
  class space    used 7744K, committed 8384K, reserved 1048576K
}
Event: 11.061 GC heap after
{Heap after GC invocations=98 (full 3):
 PSYoungGen      total 18432K, used 1616K [0x00000000d5580000, 0x00000000d6a80000, 0x0000000100000000)
  eden space 16384K, 0% used [0x00000000d5580000,0x00000000d5580000,0x00000000d6580000)
  from space 2048K, 78% used [0x00000000d6580000,0x00000000d6714030,0x00000000d6780000)
  to   space 2560K, 0% used [0x00000000d6800000,0x00000000d6800000,0x00000000d6a80000)
 ParOldGen       total 95232K, used 94722K [0x0000000080000000, 0x0000000085d00000, 0x00000000d5580000)
  object space 95232K, 99% used [0x0000000080000000,0x0000000085c80948,0x0000000085d00000)
 Metaspace       used 67416K, committed 68928K, reserved 1114112K
  class space    used 7744K, committed 8384K, reserved 1048576K
}

