# JRE version: OpenJDK Runtime Environment Temurin-21.0.9+10 (21.0.9+10) (build 21.0.9+10-LTS)
# Java VM: OpenJDK 64-Bit Server VM Temurin-21.0.9+10 (21.0.9+10-LTS, mixed mode, sharing, tiered, compressed oops, compressed class ptrs, parallel gc, windows-amd64)
GC Precious Log:
 CardTable entry size: 512
 CPUs: 12 total, 12 available
 Memory: 16333M
 Large Page Support: Disabled
 NUMA Support: Disabled
 Compressed Oops: Enabled (32-bit)
 Alignments: Space 512K, Generation 512K, Heap 2M
 Heap Min Capacity: 100M
 Heap Initial Capacity: 100M
 Heap Max Capacity: 2G
 Pre-touch: Disabled
 Parallel Workers: 10
Heap:
 PSYoungGen      total 22016K, used 3240K [0x00000000d5580000, 0x00000000d6d00000, 0x0000000100000000)
  eden space 19968K, 8% used [0x00000000d5580000,0x00000000d57119a8,0x00000000d6900000)
  from space 2048K, 79% used [0x00000000d6900000,0x00000000d6a98730,0x00000000d6b00000)
  to   space 2048K, 0% used [0x00000000d6b00000,0x00000000d6b00000,0x00000000d6d00000)
 ParOldGen       total 70656K, used 62132K [0x0000000080000000, 0x0000000084500000, 0x00000000d5580000)
  object space 70656K, 87% used [0x0000000080000000,0x0000000083cad300,0x0000000084500000)
 Metaspace       used 63790K, committed 65152K, reserved 1114112K
  class space    used 6897K, committed 7552K, reserved 1048576K
GC Heap History (20 events):
Event: 24.693 GC heap before
{Heap before GC invocations=69 (full 2):
 PSYoungGen      total 20992K, used 20513K [0x00000000d5580000, 0x00000000d6b00000, 0x0000000100000000)
  eden space 19968K, 100% used [0x00000000d5580000,0x00000000d6900000,0x00000000d6900000)
  from space 1024K, 53% used [0x00000000d6a00000,0x00000000d6a88560,0x00000000d6b00000)
  to   space 1024K, 0% used [0x00000000d6900000,0x00000000d6900000,0x00000000d6a00000)
 ParOldGen       total 68608K, used 67952K [0x0000000080000000, 0x0000000084300000, 0x00000000d5580000)
  object space 68608K, 99% used [0x0000000080000000,0x000000008425c300,0x0000000084300000)
 Metaspace       used 57162K, committed 58432K, reserved 1114112K
  class space    used 6201K, committed 6720K, reserved 1048576K
}
Event: 24.694 GC heap after
{Heap after GC invocations=69 (full 2):
 PSYoungGen      total 20992K, used 1023K [0x00000000d5580000, 0x00000000d6d00000, 0x0000000100000000)
  eden space 19968K, 0% used [0x00000000d5580000,0x00000000d5580000,0x00000000d6900000)
  from space 1024K, 99% used [0x00000000d6900000,0x00000000d69ffef8,0x00000000d6a00000)
  to   space 2048K, 0% used [0x00000000d6b00000,0x00000000d6b00000,0x00000000d6d00000)
 ParOldGen       total 69120K, used 68717K [0x0000000080000000, 0x0000000084380000, 0x00000000d5580000)
  object space 69120K, 99% used [0x0000000080000000,0x000000008431b678,0x0000000084380000)
 Metaspace       used 57162K, committed 58432K, reserved 1114112K
  class space    used 6201K, committed 6720K, reserved 1048576K
}
Event: 24.811 GC heap before
{Heap before GC invocations=70 (full 2):
 PSYoungGen      total 20992K, used 20978K [0x00000000d5580000, 0x00000000d6d00000, 0x0000000100000000)
  eden space 19968K, 99% used [0x00000000d5580000,0x00000000d68fca80,0x00000000d6900000)
  from space 1024K, 99% used [0x00000000d6900000,0x00000000d69ffef8,0x00000000d6a00000)
  to   space 2048K, 0% used [0x00000000d6b00000,0x00000000d6b00000,0x00000000d6d00000)
 ParOldGen       total 69120K, used 68717K [0x0000000080000000, 0x0000000084380000, 0x00000000d5580000)
  object space 69120K, 99% used [0x0000000080000000,0x000000008431b678,0x0000000084380000)
 Metaspace       used 57773K, committed 59008K, reserved 1114112K
  class space    used 6265K, committed 6784K, reserved 1048576K
}
Event: 24.812 GC heap after
{Heap after GC invocations=70 (full 2):
 PSYoungGen      total 21504K, used 1056K [0x00000000d5580000, 0x00000000d6c80000, 0x0000000100000000)
  eden space 19968K, 0% used [0x00000000d5580000,0x00000000d5580000,0x00000000d6900000)
  from space 1536K, 68% used [0x00000000d6b00000,0x00000000d6c08060,0x00000000d6c80000)
  to   space 1536K, 0% used [0x00000000d6980000,0x00000000d6980000,0x00000000d6b00000)
 ParOldGen       total 69632K, used 69614K [0x0000000080000000, 0x0000000084400000, 0x00000000d5580000)
  object space 69632K, 99% used [0x0000000080000000,0x00000000843fb9b8,0x0000000084400000)
 Metaspace       used 57773K, committed 59008K, reserved 1114112K
  class space    used 6265K, committed 6784K, reserved 1048576K
}
Event: 24.913 GC heap before
{Heap before GC invocations=71 (full 2):
 PSYoungGen      total 21504K, used 15260K [0x00000000d5580000, 0x00000000d6c80000, 0x0000000100000000)
  eden space 19968K, 71% used [0x00000000d5580000,0x00000000d635f168,0x00000000d6900000)
  from space 1536K, 68% used [0x00000000d6b00000,0x00000000d6c08060,0x00000000d6c80000)
  to   space 1536K, 0% used [0x00000000d6980000,0x00000000d6980000,0x00000000d6b00000)
 ParOldGen       total 69632K, used 69614K [0x0000000080000000, 0x0000000084400000, 0x00000000d5580000)
  object space 69632K, 99% used [0x0000000080000000,0x00000000843fb9b8,0x0000000084400000)
 Metaspace       used 58536K, committed 59776K, reserved 1114112K
  class space    used 6371K, committed 6912K, reserved 1048576K
}
Event: 24.914 GC heap after
{Heap after GC invocations=71 (full 2):
 PSYoungGen      total 20480K, used 480K [0x00000000d5580000, 0x00000000d6b80000, 0x0000000100000000)
  eden space 19968K, 0% used [0x00000000d5580000,0x00000000d5580000,0x00000000d6900000)
  from space 512K, 93% used [0x00000000d6980000,0x00000000d69f8010,0x00000000d6a00000)
  to   space 1024K, 0% used [0x00000000d6a80000,0x00000000d6a80000,0x00000000d6b80000)
 ParOldGen       total 70656K, used 70446K [0x0000000080000000, 0x0000000084500000, 0x00000000d5580000)
  object space 70656K, 99% used [0x0000000080000000,0x00000000844cba48,0x0000000084500000)
 Metaspace       used 58536K, committed 59776K, reserved 1114112K
  class space    used 6371K, committed 6912K, reserved 1048576K
}
Event: 24.914 GC heap before
{Heap before GC invocations=72 (full 3):
 PSYoungGen      total 20480K, used 480K [0x00000000d5580000, 0x00000000d6b80000, 0x0000000100000000)
  eden space 19968K, 0% used [0x00000000d5580000,0x00000000d5580000,0x00000000d6900000)
  from space 512K, 93% used [0x00000000d6980000,0x00000000d69f8010,0x00000000d6a00000)
  to   space 1024K, 0% used [0x00000000d6a80000,0x00000000d6a80000,0x00000000d6b80000)
 ParOldGen       total 70656K, used 70446K [0x0000000080000000, 0x0000000084500000, 0x00000000d5580000)
  object space 70656K, 99% used [0x0000000080000000,0x00000000844cba48,0x0000000084500000)
 Metaspace       used 58536K, committed 59776K, reserved 1114112K
  class space    used 6371K, committed 6912K, reserved 1048576K
}
Event: 24.981 GC heap after
{Heap after GC invocations=72 (full 3):
 PSYoungGen      total 20480K, used 0K [0x00000000d5580000, 0x00000000d6b80000, 0x0000000100000000)
  eden space 19968K, 0% used [0x00000000d5580000,0x00000000d5580000,0x00000000d6900000)
  from space 512K, 0% used [0x00000000d6980000,0x00000000d6980000,0x00000000d6a00000)
  to   space 1024K, 0% used [0x00000000d6a80000,0x00000000d6a80000,0x00000000d6b80000)
 ParOldGen       total 70656K, used 58717K [0x0000000080000000, 0x0000000084500000, 0x00000000d5580000)
  object space 70656K, 83% used [0x0000000080000000,0x0000000083957450,0x0000000084500000)
 Metaspace       used 58536K, committed 59776K, reserved 1114112K
  class space    used 6371K, committed 6912K, reserved 1048576K
}
Event: 25.118 GC heap before
{Heap before GC invocations=73 (full 3):
 PSYoungGen      total 20480K, used 19968K [0x00000000d5580000, 0x00000000d6b80000, 0x0000000100000000)
  eden space 19968K, 100% used [0x00000000d5580000,0x00000000d6900000,0x00000000d6900000)
  from space 512K, 0% used [0x00000000d6980000,0x00000000d6980000,0x00000000d6a00000)
  to   space 1024K, 0% used [0x00000000d6a80000,0x00000000d6a80000,0x00000000d6b80000)
 ParOldGen       total 70656K, used 58717K [0x0000000080000000, 0x0000000084500000, 0x00000000d5580000)
  object space 70656K, 83% used [0x0000000080000000,0x0000000083957450,0x0000000084500000)
 Metaspace       used 59318K, committed 60672K, reserved 1114112K
  class space    used 6480K, committed 7040K, reserved 1048576K
}
Event: 25.118 GC heap after
{Heap after GC invocations=73 (full 3):
 PSYoungGen      total 20480K, used 352K [0x00000000d5580000, 0x00000000d6b00000, 0x0000000100000000)
  eden space 19968K, 0% used [0x00000000d5580000,0x00000000d5580000,0x00000000d6900000)
  from space 512K, 68% used [0x00000000d6a80000,0x00000000d6ad8000,0x00000000d6b00000)
  to   space 512K, 0% used [0x00000000d6980000,0x00000000d6980000,0x00000000d6a00000)
 ParOldGen       total 70656K, used 58725K [0x0000000080000000, 0x0000000084500000, 0x00000000d5580000)
  object space 70656K, 83% used [0x0000000080000000,0x0000000083959450,0x0000000084500000)
 Metaspace       used 59318K, committed 60672K, reserved 1114112K
  class space    used 6480K, committed 7040K, reserved 1048576K
}
Event: 25.221 GC heap before
{Heap before GC invocations=74 (full 3):
 PSYoungGen      total 20480K, used 20320K [0x00000000d5580000, 0x00000000d6b00000, 0x0000000100000000)
  eden space 19968K, 100% used [0x00000000d5580000,0x00000000d6900000,0x00000000d6900000)
  from space 512K, 68% used [0x00000000d6a80000,0x00000000d6ad8000,0x00000000d6b00000)
  to   space 512K, 0% used [0x00000000d6980000,0x00000000d6980000,0x00000000d6a00000)
 ParOldGen       total 70656K, used 58725K [0x0000000080000000, 0x0000000084500000, 0x00000000d5580000)
  object space 70656K, 83% used [0x0000000080000000,0x0000000083959450,0x0000000084500000)
 Metaspace       used 60482K, committed 61760K, reserved 1114112K
  class space    used 6582K, committed 7104K, reserved 1048576K
}
Event: 25.223 GC heap after
{Heap after GC invocations=74 (full 3):
 PSYoungGen      total 20480K, used 494K [0x00000000d5580000, 0x00000000d6e00000, 0x0000000100000000)
  eden space 19968K, 0% used [0x00000000d5580000,0x00000000d5580000,0x00000000d6900000)
  from space 512K, 96% used [0x00000000d6980000,0x00000000d69fb8f0,0x00000000d6a00000)
  to   space 2560K, 0% used [0x00000000d6b80000,0x00000000d6b80000,0x00000000d6e00000)
 ParOldGen       total 70656K, used 60092K [0x0000000080000000, 0x0000000084500000, 0x00000000d5580000)
  object space 70656K, 85% used [0x0000000080000000,0x0000000083aaf2d8,0x0000000084500000)
 Metaspace       used 60482K, committed 61760K, reserved 1114112K
  class space    used 6582K, committed 7104K, reserved 1048576K
}
Event: 25.258 GC heap before
{Heap before GC invocations=75 (full 3):
 PSYoungGen      total 20480K, used 20462K [0x00000000d5580000, 0x00000000d6e00000, 0x0000000100000000)
  eden space 19968K, 100% used [0x00000000d5580000,0x00000000d6900000,0x00000000d6900000)
  from space 512K, 96% used [0x00000000d6980000,0x00000000d69fb8f0,0x00000000d6a00000)
  to   space 2560K, 0% used [0x00000000d6b80000,0x00000000d6b80000,0x00000000d6e00000)
 ParOldGen       total 70656K, used 60092K [0x0000000080000000, 0x0000000084500000, 0x00000000d5580000)
  object space 70656K, 85% used [0x0000000080000000,0x0000000083aaf2d8,0x0000000084500000)
 Metaspace       used 60495K, committed 61760K, reserved 1114112K
  class space    used 6582K, committed 7104K, reserved 1048576K
}
Event: 25.259 GC heap after
{Heap after GC invocations=75 (full 3):
 PSYoungGen      total 21504K, used 1024K [0x00000000d5580000, 0x00000000d6d00000, 0x0000000100000000)
  eden space 19968K, 0% used [0x00000000d5580000,0x00000000d5580000,0x00000000d6900000)
  from space 1536K, 66% used [0x00000000d6b80000,0x00000000d6c80260,0x00000000d6d00000)
  to   space 1536K, 0% used [0x00000000d6a00000,0x00000000d6a00000,0x00000000d6b80000)
 ParOldGen       total 70656K, used 60525K [0x0000000080000000, 0x0000000084500000, 0x00000000d5580000)
  object space 70656K, 85% used [0x0000000080000000,0x0000000083b1b7e8,0x0000000084500000)
 Metaspace       used 60495K, committed 61760K, reserved 1114112K
  class space    used 6582K, committed 7104K, reserved 1048576K
}
Event: 25.421 GC heap before
{Heap before GC invocations=76 (full 3):
 PSYoungGen      total 21504K, used 20992K [0x00000000d5580000, 0x00000000d6d00000, 0x0000000100000000)
  eden space 19968K, 100% used [0x00000000d5580000,0x00000000d6900000,0x00000000d6900000)
  from space 1536K, 66% used [0x00000000d6b80000,0x00000000d6c80260,0x00000000d6d00000)
  to   space 1536K, 0% used [0x00000000d6a00000,0x00000000d6a00000,0x00000000d6b80000)
 ParOldGen       total 70656K, used 60525K [0x0000000080000000, 0x0000000084500000, 0x00000000d5580000)
  object space 70656K, 85% used [0x0000000080000000,0x0000000083b1b7e8,0x0000000084500000)
 Metaspace       used 62606K, committed 63936K, reserved 1114112K
  class space    used 6786K, committed 7360K, reserved 1048576K
}
Event: 25.422 GC heap after
{Heap after GC invocations=76 (full 3):
 PSYoungGen      total 20992K, used 947K [0x00000000d5580000, 0x00000000d6c00000, 0x0000000100000000)
  eden space 19968K, 0% used [0x00000000d5580000,0x00000000d5580000,0x00000000d6900000)
  from space 1024K, 92% used [0x00000000d6a00000,0x00000000d6aece58,0x00000000d6b00000)
  to   space 1024K, 0% used [0x00000000d6b00000,0x00000000d6b00000,0x00000000d6c00000)
 ParOldGen       total 70656K, used 60735K [0x0000000080000000, 0x0000000084500000, 0x00000000d5580000)
  object space 70656K, 85% used [0x0000000080000000,0x0000000083b4ff98,0x0000000084500000)
 Metaspace       used 62606K, committed 63936K, reserved 1114112K
  class space    used 6786K, committed 7360K, reserved 1048576K
}
Event: 25.699 GC heap before
{Heap before GC invocations=77 (full 3):
 PSYoungGen      total 20992K, used 20915K [0x00000000d5580000, 0x00000000d6c00000, 0x0000000100000000)
  eden space 19968K, 100% used [0x00000000d5580000,0x00000000d6900000,0x00000000d6900000)
  from space 1024K, 92% used [0x00000000d6a00000,0x00000000d6aece58,0x00000000d6b00000)
  to   space 1024K, 0% used [0x00000000d6b00000,0x00000000d6b00000,0x00000000d6c00000)
 ParOldGen       total 70656K, used 60735K [0x0000000080000000, 0x0000000084500000, 0x00000000d5580000)
  object space 70656K, 85% used [0x0000000080000000,0x0000000083b4ff98,0x0000000084500000)
 Metaspace       used 63156K, committed 64448K, reserved 1114112K
  class space    used 6841K, committed 7424K, reserved 1048576K
}
Event: 25.700 GC heap after
{Heap after GC invocations=77 (full 3):
 PSYoungGen      total 20992K, used 1021K [0x00000000d5580000, 0x00000000d6d00000, 0x0000000100000000)
  eden space 19968K, 0% used [0x00000000d5580000,0x00000000d5580000,0x00000000d6900000)
  from space 1024K, 99% used [0x00000000d6b00000,0x00000000d6bff760,0x00000000d6c00000)
  to   space 2048K, 0% used [0x00000000d6900000,0x00000000d6900000,0x00000000d6b00000)
 ParOldGen       total 70656K, used 61324K [0x0000000080000000, 0x0000000084500000, 0x00000000d5580000)
  object space 70656K, 86% used [0x0000000080000000,0x0000000083be33a0,0x0000000084500000)
 Metaspace       used 63156K, committed 64448K, reserved 1114112K
  class space    used 6841K, committed 7424K, reserved 1048576K
}
Event: 323.032 GC heap before
{Heap before GC invocations=78 (full 3):
 PSYoungGen      total 20992K, used 20989K [0x00000000d5580000, 0x00000000d6d00000, 0x0000000100000000)
  eden space 19968K, 100% used [0x00000000d5580000,0x00000000d6900000,0x00000000d6900000)
  from space 1024K, 99% used [0x00000000d6b00000,0x00000000d6bff760,0x00000000d6c00000)
  to   space 2048K, 0% used [0x00000000d6900000,0x00000000d6900000,0x00000000d6b00000)
 ParOldGen       total 70656K, used 61324K [0x0000000080000000, 0x0000000084500000, 0x00000000d5580000)
  object space 70656K, 86% used [0x0000000080000000,0x0000000083be33a0,0x0000000084500000)
 Metaspace       used 63668K, committed 64960K, reserved 1114112K
  class space    used 6881K, committed 7424K, reserved 1048576K
}
Event: 323.033 GC heap after
{Heap after GC invocations=78 (full 3):
 PSYoungGen      total 22016K, used 1633K [0x00000000d5580000, 0x00000000d6d00000, 0x0000000100000000)
  eden space 19968K, 0% used [0x00000000d5580000,0x00000000d5580000,0x00000000d6900000)
  from space 2048K, 79% used [0x00000000d6900000,0x00000000d6a98730,0x00000000d6b00000)
  to   space 2048K, 0% used [0x00000000d6b00000,0x00000000d6b00000,0x00000000d6d00000)
 ParOldGen       total 70656K, used 62132K [0x0000000080000000, 0x0000000084500000, 0x00000000d5580000)
  object space 70656K, 87% used [0x0000000080000000,0x0000000083cad300,0x0000000084500000)
 Metaspace       used 63668K, committed 64960K, reserved 1114112K
  class space    used 6881K, committed 7424K, reserved 1048576K
}

