# JRE version: OpenJDK Runtime Environment Temurin-21.0.9+10 (21.0.9+10) (build 21.0.9+10-LTS)
# Java VM: OpenJDK 64-Bit Server VM Temurin-21.0.9+10 (21.0.9+10-LTS, mixed mode, sharing, tiered, compressed oops, compressed class ptrs, parallel gc, windows-amd64)
GC Precious Log:
 CardTable entry size: 512
 CPUs: 12 total, 12 available
 Memory: 16333M
 Large Page Support: Disabled
 NUMA Support: Disabled
 Compressed Oops: Enabled (32-bit)
 Alignments: Space 512K, Generation 512K, Heap 2M
 Heap Min Capacity: 100M
 Heap Initial Capacity: 100M
 Heap Max Capacity: 2G
 Pre-touch: Disabled
 Parallel Workers: 10
Heap:
 PSYoungGen      total 20992K, used 6388K [0x00000000d5580000, 0x00000000d6b00000, 0x0000000100000000)
  eden space 19968K, 26% used [0x00000000d5580000,0x00000000d5abf2b8,0x00000000d6900000)
  from space 1024K, 99% used [0x00000000d6900000,0x00000000d69fe020,0x00000000d6a00000)
  to   space 1024K, 0% used [0x00000000d6a00000,0x00000000d6a00000,0x00000000d6b00000)
 ParOldGen       total 87040K, used 86614K [0x0000000080000000, 0x0000000085500000, 0x00000000d5580000)
  object space 87040K, 99% used [0x0000000080000000,0x0000000085495b40,0x0000000085500000)
 Metaspace       used 64559K, committed 65920K, reserved 1114112K
  class space    used 7511K, committed 8064K, reserved 1048576K
GC Heap History (20 events):
Event: 29.442 GC heap before
{Heap before GC invocations=85 (full 3):
 PSYoungGen      total 20480K, used 20475K [0x00000000d5580000, 0x00000000d6b00000, 0x0000000100000000)
  eden space 19968K, 100% used [0x00000000d5580000,0x00000000d6900000,0x00000000d6900000)
  from space 512K, 99% used [0x00000000d6980000,0x00000000d69fef68,0x00000000d6a00000)
  to   space 1024K, 0% used [0x00000000d6a00000,0x00000000d6a00000,0x00000000d6b00000)
 ParOldGen       total 81920K, used 81823K [0x0000000080000000, 0x0000000085000000, 0x00000000d5580000)
  object space 81920K, 99% used [0x0000000080000000,0x0000000084fe7dd8,0x0000000085000000)
 Metaspace       used 63226K, committed 64640K, reserved 1114112K
  class space    used 7370K, committed 7936K, reserved 1048576K
}
Event: 29.443 GC heap after
{Heap after GC invocations=85 (full 3):
 PSYoungGen      total 20992K, used 817K [0x00000000d5580000, 0x00000000d6b00000, 0x0000000100000000)
  eden space 19968K, 0% used [0x00000000d5580000,0x00000000d5580000,0x00000000d6900000)
  from space 1024K, 79% used [0x00000000d6a00000,0x00000000d6acc5d0,0x00000000d6b00000)
  to   space 1024K, 0% used [0x00000000d6900000,0x00000000d6900000,0x00000000d6a00000)
 ParOldGen       total 82432K, used 82321K [0x0000000080000000, 0x0000000085080000, 0x00000000d5580000)
  object space 82432K, 99% used [0x0000000080000000,0x00000000850645b8,0x0000000085080000)
 Metaspace       used 63226K, committed 64640K, reserved 1114112K
  class space    used 7370K, committed 7936K, reserved 1048576K
}
Event: 29.567 GC heap before
{Heap before GC invocations=86 (full 3):
 PSYoungGen      total 20992K, used 20785K [0x00000000d5580000, 0x00000000d6b00000, 0x0000000100000000)
  eden space 19968K, 100% used [0x00000000d5580000,0x00000000d6900000,0x00000000d6900000)
  from space 1024K, 79% used [0x00000000d6a00000,0x00000000d6acc5d0,0x00000000d6b00000)
  to   space 1024K, 0% used [0x00000000d6900000,0x00000000d6900000,0x00000000d6a00000)
 ParOldGen       total 82432K, used 82321K [0x0000000080000000, 0x0000000085080000, 0x00000000d5580000)
  object space 82432K, 99% used [0x0000000080000000,0x00000000850645b8,0x0000000085080000)
 Metaspace       used 63226K, committed 64640K, reserved 1114112K
  class space    used 7370K, committed 7936K, reserved 1048576K
}
Event: 29.568 GC heap after
{Heap after GC invocations=86 (full 3):
 PSYoungGen      total 20992K, used 553K [0x00000000d5580000, 0x00000000d6b00000, 0x0000000100000000)
  eden space 19968K, 0% used [0x00000000d5580000,0x00000000d5580000,0x00000000d6900000)
  from space 1024K, 54% used [0x00000000d6900000,0x00000000d698a500,0x00000000d6a00000)
  to   space 1024K, 0% used [0x00000000d6a00000,0x00000000d6a00000,0x00000000d6b00000)
 ParOldGen       total 83456K, used 83014K [0x0000000080000000, 0x0000000085180000, 0x00000000d5580000)
  object space 83456K, 99% used [0x0000000080000000,0x0000000085111a08,0x0000000085180000)
 Metaspace       used 63226K, committed 64640K, reserved 1114112K
  class space    used 7370K, committed 7936K, reserved 1048576K
}
Event: 29.604 GC heap before
{Heap before GC invocations=87 (full 3):
 PSYoungGen      total 20992K, used 20521K [0x00000000d5580000, 0x00000000d6b00000, 0x0000000100000000)
  eden space 19968K, 100% used [0x00000000d5580000,0x00000000d6900000,0x00000000d6900000)
  from space 1024K, 54% used [0x00000000d6900000,0x00000000d698a500,0x00000000d6a00000)
  to   space 1024K, 0% used [0x00000000d6a00000,0x00000000d6a00000,0x00000000d6b00000)
 ParOldGen       total 83456K, used 83014K [0x0000000080000000, 0x0000000085180000, 0x00000000d5580000)
  object space 83456K, 99% used [0x0000000080000000,0x0000000085111a08,0x0000000085180000)
 Metaspace       used 63226K, committed 64640K, reserved 1114112K
  class space    used 7370K, committed 7936K, reserved 1048576K
}
Event: 29.605 GC heap after
{Heap after GC invocations=87 (full 3):
 PSYoungGen      total 20992K, used 691K [0x00000000d5580000, 0x00000000d6b00000, 0x0000000100000000)
  eden space 19968K, 0% used [0x00000000d5580000,0x00000000d5580000,0x00000000d6900000)
  from space 1024K, 67% used [0x00000000d6a00000,0x00000000d6aacee8,0x00000000d6b00000)
  to   space 1024K, 0% used [0x00000000d6900000,0x00000000d6900000,0x00000000d6a00000)
 ParOldGen       total 83456K, used 83338K [0x0000000080000000, 0x0000000085180000, 0x00000000d5580000)
  object space 83456K, 99% used [0x0000000080000000,0x00000000851629e8,0x0000000085180000)
 Metaspace       used 63226K, committed 64640K, reserved 1114112K
  class space    used 7370K, committed 7936K, reserved 1048576K
}
Event: 29.751 GC heap before
{Heap before GC invocations=88 (full 3):
 PSYoungGen      total 20992K, used 20659K [0x00000000d5580000, 0x00000000d6b00000, 0x0000000100000000)
  eden space 19968K, 100% used [0x00000000d5580000,0x00000000d6900000,0x00000000d6900000)
  from space 1024K, 67% used [0x00000000d6a00000,0x00000000d6aacee8,0x00000000d6b00000)
  to   space 1024K, 0% used [0x00000000d6900000,0x00000000d6900000,0x00000000d6a00000)
 ParOldGen       total 83456K, used 83338K [0x0000000080000000, 0x0000000085180000, 0x00000000d5580000)
  object space 83456K, 99% used [0x0000000080000000,0x00000000851629e8,0x0000000085180000)
 Metaspace       used 63226K, committed 64640K, reserved 1114112K
  class space    used 7370K, committed 7936K, reserved 1048576K
}
Event: 29.752 GC heap after
{Heap after GC invocations=88 (full 3):
 PSYoungGen      total 20992K, used 455K [0x00000000d5580000, 0x00000000d6b00000, 0x0000000100000000)
  eden space 19968K, 0% used [0x00000000d5580000,0x00000000d5580000,0x00000000d6900000)
  from space 1024K, 44% used [0x00000000d6900000,0x00000000d6971f48,0x00000000d6a00000)
  to   space 1024K, 0% used [0x00000000d6a00000,0x00000000d6a00000,0x00000000d6b00000)
 ParOldGen       total 83968K, used 83819K [0x0000000080000000, 0x0000000085200000, 0x00000000d5580000)
  object space 83968K, 99% used [0x0000000080000000,0x00000000851dad28,0x0000000085200000)
 Metaspace       used 63226K, committed 64640K, reserved 1114112K
  class space    used 7370K, committed 7936K, reserved 1048576K
}
Event: 30.421 GC heap before
{Heap before GC invocations=89 (full 3):
 PSYoungGen      total 20992K, used 20423K [0x00000000d5580000, 0x00000000d6b00000, 0x0000000100000000)
  eden space 19968K, 100% used [0x00000000d5580000,0x00000000d6900000,0x00000000d6900000)
  from space 1024K, 44% used [0x00000000d6900000,0x00000000d6971f48,0x00000000d6a00000)
  to   space 1024K, 0% used [0x00000000d6a00000,0x00000000d6a00000,0x00000000d6b00000)
 ParOldGen       total 83968K, used 83819K [0x0000000080000000, 0x0000000085200000, 0x00000000d5580000)
  object space 83968K, 99% used [0x0000000080000000,0x00000000851dad28,0x0000000085200000)
 Metaspace       used 63226K, committed 64640K, reserved 1114112K
  class space    used 7370K, committed 7936K, reserved 1048576K
}
Event: 30.422 GC heap after
{Heap after GC invocations=89 (full 3):
 PSYoungGen      total 20992K, used 623K [0x00000000d5580000, 0x00000000d6b00000, 0x0000000100000000)
  eden space 19968K, 0% used [0x00000000d5580000,0x00000000d5580000,0x00000000d6900000)
  from space 1024K, 60% used [0x00000000d6a00000,0x00000000d6a9bd78,0x00000000d6b00000)
  to   space 1024K, 0% used [0x00000000d6900000,0x00000000d6900000,0x00000000d6a00000)
 ParOldGen       total 84480K, used 84136K [0x0000000080000000, 0x0000000085280000, 0x00000000d5580000)
  object space 84480K, 99% used [0x0000000080000000,0x000000008522a3a0,0x0000000085280000)
 Metaspace       used 63226K, committed 64640K, reserved 1114112K
  class space    used 7370K, committed 7936K, reserved 1048576K
}
Event: 30.734 GC heap before
{Heap before GC invocations=90 (full 3):
 PSYoungGen      total 20992K, used 20591K [0x00000000d5580000, 0x00000000d6b00000, 0x0000000100000000)
  eden space 19968K, 100% used [0x00000000d5580000,0x00000000d6900000,0x00000000d6900000)
  from space 1024K, 60% used [0x00000000d6a00000,0x00000000d6a9bd78,0x00000000d6b00000)
  to   space 1024K, 0% used [0x00000000d6900000,0x00000000d6900000,0x00000000d6a00000)
 ParOldGen       total 84480K, used 84136K [0x0000000080000000, 0x0000000085280000, 0x00000000d5580000)
  object space 84480K, 99% used [0x0000000080000000,0x000000008522a3a0,0x0000000085280000)
 Metaspace       used 63227K, committed 64640K, reserved 1114112K
  class space    used 7370K, committed 7936K, reserved 1048576K
}
Event: 30.735 GC heap after
{Heap after GC invocations=90 (full 3):
 PSYoungGen      total 20992K, used 675K [0x00000000d5580000, 0x00000000d6b00000, 0x0000000100000000)
  eden space 19968K, 0% used [0x00000000d5580000,0x00000000d5580000,0x00000000d6900000)
  from space 1024K, 66% used [0x00000000d6900000,0x00000000d69a8fb8,0x00000000d6a00000)
  to   space 1024K, 0% used [0x00000000d6a00000,0x00000000d6a00000,0x00000000d6b00000)
 ParOldGen       total 84992K, used 84565K [0x0000000080000000, 0x0000000085300000, 0x00000000d5580000)
  object space 84992K, 99% used [0x0000000080000000,0x0000000085295780,0x0000000085300000)
 Metaspace       used 63227K, committed 64640K, reserved 1114112K
  class space    used 7370K, committed 7936K, reserved 1048576K
}
Event: 31.135 GC heap before
{Heap before GC invocations=91 (full 3):
 PSYoungGen      total 20992K, used 20643K [0x00000000d5580000, 0x00000000d6b00000, 0x0000000100000000)
  eden space 19968K, 100% used [0x00000000d5580000,0x00000000d6900000,0x00000000d6900000)
  from space 1024K, 66% used [0x00000000d6900000,0x00000000d69a8fb8,0x00000000d6a00000)
  to   space 1024K, 0% used [0x00000000d6a00000,0x00000000d6a00000,0x00000000d6b00000)
 ParOldGen       total 84992K, used 84565K [0x0000000080000000, 0x0000000085300000, 0x00000000d5580000)
  object space 84992K, 99% used [0x0000000080000000,0x0000000085295780,0x0000000085300000)
 Metaspace       used 63453K, committed 64896K, reserved 1114112K
  class space    used 7381K, committed 7936K, reserved 1048576K
}
Event: 31.136 GC heap after
{Heap after GC invocations=91 (full 3):
 PSYoungGen      total 20992K, used 924K [0x00000000d5580000, 0x00000000d6b00000, 0x0000000100000000)
  eden space 19968K, 0% used [0x00000000d5580000,0x00000000d5580000,0x00000000d6900000)
  from space 1024K, 90% used [0x00000000d6a00000,0x00000000d6ae72e8,0x00000000d6b00000)
  to   space 1024K, 0% used [0x00000000d6900000,0x00000000d6900000,0x00000000d6a00000)
 ParOldGen       total 85504K, used 85068K [0x0000000080000000, 0x0000000085380000, 0x00000000d5580000)
  object space 85504K, 99% used [0x0000000080000000,0x0000000085313098,0x0000000085380000)
 Metaspace       used 63453K, committed 64896K, reserved 1114112K
  class space    used 7381K, committed 7936K, reserved 1048576K
}
Event: 31.799 GC heap before
{Heap before GC invocations=92 (full 3):
 PSYoungGen      total 20992K, used 20892K [0x00000000d5580000, 0x00000000d6b00000, 0x0000000100000000)
  eden space 19968K, 100% used [0x00000000d5580000,0x00000000d6900000,0x00000000d6900000)
  from space 1024K, 90% used [0x00000000d6a00000,0x00000000d6ae72e8,0x00000000d6b00000)
  to   space 1024K, 0% used [0x00000000d6900000,0x00000000d6900000,0x00000000d6a00000)
 ParOldGen       total 85504K, used 85068K [0x0000000080000000, 0x0000000085380000, 0x00000000d5580000)
  object space 85504K, 99% used [0x0000000080000000,0x0000000085313098,0x0000000085380000)
 Metaspace       used 63454K, committed 64896K, reserved 1114112K
  class space    used 7381K, committed 7936K, reserved 1048576K
}
Event: 31.800 GC heap after
{Heap after GC invocations=92 (full 3):
 PSYoungGen      total 20992K, used 577K [0x00000000d5580000, 0x00000000d6b00000, 0x0000000100000000)
  eden space 19968K, 0% used [0x00000000d5580000,0x00000000d5580000,0x00000000d6900000)
  from space 1024K, 56% used [0x00000000d6900000,0x00000000d6990480,0x00000000d6a00000)
  to   space 1024K, 0% used [0x00000000d6a00000,0x00000000d6a00000,0x00000000d6b00000)
 ParOldGen       total 86016K, used 85837K [0x0000000080000000, 0x0000000085400000, 0x00000000d5580000)
  object space 86016K, 99% used [0x0000000080000000,0x00000000853d36f8,0x0000000085400000)
 Metaspace       used 63454K, committed 64896K, reserved 1114112K
  class space    used 7381K, committed 7936K, reserved 1048576K
}
Event: 32.300 GC heap before
{Heap before GC invocations=93 (full 3):
 PSYoungGen      total 20992K, used 20545K [0x00000000d5580000, 0x00000000d6b00000, 0x0000000100000000)
  eden space 19968K, 100% used [0x00000000d5580000,0x00000000d6900000,0x00000000d6900000)
  from space 1024K, 56% used [0x00000000d6900000,0x00000000d6990480,0x00000000d6a00000)
  to   space 1024K, 0% used [0x00000000d6a00000,0x00000000d6a00000,0x00000000d6b00000)
 ParOldGen       total 86016K, used 85837K [0x0000000080000000, 0x0000000085400000, 0x00000000d5580000)
  object space 86016K, 99% used [0x0000000080000000,0x00000000853d36f8,0x0000000085400000)
 Metaspace       used 63466K, committed 64896K, reserved 1114112K
  class space    used 7382K, committed 7936K, reserved 1048576K
}
Event: 32.301 GC heap after
{Heap after GC invocations=93 (full 3):
 PSYoungGen      total 20992K, used 496K [0x00000000d5580000, 0x00000000d6b00000, 0x0000000100000000)
  eden space 19968K, 0% used [0x00000000d5580000,0x00000000d5580000,0x00000000d6900000)
  from space 1024K, 48% used [0x00000000d6a00000,0x00000000d6a7c008,0x00000000d6b00000)
  to   space 1024K, 0% used [0x00000000d6900000,0x00000000d6900000,0x00000000d6a00000)
 ParOldGen       total 86528K, used 86217K [0x0000000080000000, 0x0000000085480000, 0x00000000d5580000)
  object space 86528K, 99% used [0x0000000080000000,0x00000000854325b0,0x0000000085480000)
 Metaspace       used 63466K, committed 64896K, reserved 1114112K
  class space    used 7382K, committed 7936K, reserved 1048576K
}
Event: 32.909 GC heap before
{Heap before GC invocations=94 (full 3):
 PSYoungGen      total 20992K, used 20464K [0x00000000d5580000, 0x00000000d6b00000, 0x0000000100000000)
  eden space 19968K, 100% used [0x00000000d5580000,0x00000000d6900000,0x00000000d6900000)
  from space 1024K, 48% used [0x00000000d6a00000,0x00000000d6a7c008,0x00000000d6b00000)
  to   space 1024K, 0% used [0x00000000d6900000,0x00000000d6900000,0x00000000d6a00000)
 ParOldGen       total 86528K, used 86217K [0x0000000080000000, 0x0000000085480000, 0x00000000d5580000)
  object space 86528K, 99% used [0x0000000080000000,0x00000000854325b0,0x0000000085480000)
 Metaspace       used 64390K, committed 65792K, reserved 1114112K
  class space    used 7497K, committed 8064K, reserved 1048576K
}
Event: 32.912 GC heap after
{Heap after GC invocations=94 (full 3):
 PSYoungGen      total 20992K, used 1016K [0x00000000d5580000, 0x00000000d6b00000, 0x0000000100000000)
  eden space 19968K, 0% used [0x00000000d5580000,0x00000000d5580000,0x00000000d6900000)
  from space 1024K, 99% used [0x00000000d6900000,0x00000000d69fe020,0x00000000d6a00000)
  to   space 1024K, 0% used [0x00000000d6a00000,0x00000000d6a00000,0x00000000d6b00000)
 ParOldGen       total 87040K, used 86614K [0x0000000080000000, 0x0000000085500000, 0x00000000d5580000)
  object space 87040K, 99% used [0x0000000080000000,0x0000000085495b40,0x0000000085500000)
 Metaspace       used 64390K, committed 65792K, reserved 1114112K
  class space    used 7497K, committed 8064K, reserved 1048576K
}

