# JRE version: OpenJDK Runtime Environment Temurin-21.0.9+10 (21.0.9+10) (build 21.0.9+10-LTS)
# Java VM: OpenJDK 64-Bit Server VM Temurin-21.0.9+10 (21.0.9+10-LTS, mixed mode, sharing, tiered, compressed oops, compressed class ptrs, parallel gc, windows-amd64)
GC Precious Log:
 CardTable entry size: 512
 CPUs: 12 total, 12 available
 Memory: 16333M
 Large Page Support: Disabled
 NUMA Support: Disabled
 Compressed Oops: Enabled (32-bit)
 Alignments: Space 512K, Generation 512K, Heap 2M
 Heap Min Capacity: 100M
 Heap Initial Capacity: 100M
 Heap Max Capacity: 2G
 Pre-touch: Disabled
 Parallel Workers: 10
Heap:
 PSYoungGen      total 23552K, used 5374K [0x00000000d5580000, 0x00000000d6f00000, 0x0000000100000000)
  eden space 22016K, 19% used [0x00000000d5580000,0x00000000d59a7898,0x00000000d6b00000)
  from space 1536K, 72% used [0x00000000d6d80000,0x00000000d6e98060,0x00000000d6f00000)
  to   space 1536K, 0% used [0x00000000d6c00000,0x00000000d6c00000,0x00000000d6d80000)
 ParOldGen       total 68608K, used 63817K [0x0000000080000000, 0x0000000084300000, 0x00000000d5580000)
  object space 68608K, 93% used [0x0000000080000000,0x0000000083e526c8,0x0000000084300000)
 Metaspace       used 62825K, committed 64192K, reserved 1114112K
  class space    used 7342K, committed 7936K, reserved 1048576K
GC Heap History (20 events):
Event: 4.231 GC heap before
{Heap before GC invocations=30 (full 2):
 PSYoungGen      total 23552K, used 23478K [0x00000000d5580000, 0x00000000d7400000, 0x0000000100000000)
  eden space 22016K, 100% used [0x00000000d5580000,0x00000000d6b00000,0x00000000d6b00000)
  from space 1536K, 95% used [0x00000000d7180000,0x00000000d72edb88,0x00000000d7300000)
  to   space 1024K, 0% used [0x00000000d7300000,0x00000000d7300000,0x00000000d7400000)
 ParOldGen       total 68608K, used 51037K [0x0000000080000000, 0x0000000084300000, 0x00000000d5580000)
  object space 68608K, 74% used [0x0000000080000000,0x00000000831d7700,0x0000000084300000)
 Metaspace       used 56260K, committed 57664K, reserved 1114112K
  class space    used 6616K, committed 7168K, reserved 1048576K
}
Event: 4.233 GC heap after
{Heap after GC invocations=30 (full 2):
 PSYoungGen      total 23040K, used 992K [0x00000000d5580000, 0x00000000d7400000, 0x0000000100000000)
  eden space 22016K, 0% used [0x00000000d5580000,0x00000000d5580000,0x00000000d6b00000)
  from space 1024K, 96% used [0x00000000d7300000,0x00000000d73f8010,0x00000000d7400000)
  to   space 4608K, 0% used [0x00000000d6b00000,0x00000000d6b00000,0x00000000d6f80000)
 ParOldGen       total 68608K, used 53809K [0x0000000080000000, 0x0000000084300000, 0x00000000d5580000)
  object space 68608K, 78% used [0x0000000080000000,0x000000008348c740,0x0000000084300000)
 Metaspace       used 56260K, committed 57664K, reserved 1114112K
  class space    used 6616K, committed 7168K, reserved 1048576K
}
Event: 4.267 GC heap before
{Heap before GC invocations=31 (full 2):
 PSYoungGen      total 23040K, used 23008K [0x00000000d5580000, 0x00000000d7400000, 0x0000000100000000)
  eden space 22016K, 100% used [0x00000000d5580000,0x00000000d6b00000,0x00000000d6b00000)
  from space 1024K, 96% used [0x00000000d7300000,0x00000000d73f8010,0x00000000d7400000)
  to   space 4608K, 0% used [0x00000000d6b00000,0x00000000d6b00000,0x00000000d6f80000)
 ParOldGen       total 68608K, used 53809K [0x0000000080000000, 0x0000000084300000, 0x00000000d5580000)
  object space 68608K, 78% used [0x0000000080000000,0x000000008348c740,0x0000000084300000)
 Metaspace       used 56458K, committed 57920K, reserved 1114112K
  class space    used 6646K, committed 7232K, reserved 1048576K
}
Event: 4.270 GC heap after
{Heap after GC invocations=31 (full 2):
 PSYoungGen      total 26624K, used 2658K [0x00000000d5580000, 0x00000000d7380000, 0x0000000100000000)
  eden space 22016K, 0% used [0x00000000d5580000,0x00000000d5580000,0x00000000d6b00000)
  from space 4608K, 57% used [0x00000000d6b00000,0x00000000d6d98820,0x00000000d6f80000)
  to   space 3072K, 0% used [0x00000000d7080000,0x00000000d7080000,0x00000000d7380000)
 ParOldGen       total 68608K, used 54769K [0x0000000080000000, 0x0000000084300000, 0x00000000d5580000)
  object space 68608K, 79% used [0x0000000080000000,0x000000008357c740,0x0000000084300000)
 Metaspace       used 56458K, committed 57920K, reserved 1114112K
  class space    used 6646K, committed 7232K, reserved 1048576K
}
Event: 4.303 GC heap before
{Heap before GC invocations=32 (full 2):
 PSYoungGen      total 26624K, used 24674K [0x00000000d5580000, 0x00000000d7380000, 0x0000000100000000)
  eden space 22016K, 100% used [0x00000000d5580000,0x00000000d6b00000,0x00000000d6b00000)
  from space 4608K, 57% used [0x00000000d6b00000,0x00000000d6d98820,0x00000000d6f80000)
  to   space 3072K, 0% used [0x00000000d7080000,0x00000000d7080000,0x00000000d7380000)
 ParOldGen       total 68608K, used 54769K [0x0000000080000000, 0x0000000084300000, 0x00000000d5580000)
  object space 68608K, 79% used [0x0000000080000000,0x000000008357c740,0x0000000084300000)
 Metaspace       used 56479K, committed 57920K, reserved 1114112K
  class space    used 6646K, committed 7232K, reserved 1048576K
}
Event: 4.306 GC heap after
{Heap after GC invocations=32 (full 2):
 PSYoungGen      total 25088K, used 2564K [0x00000000d5580000, 0x00000000d7380000, 0x0000000100000000)
  eden space 22016K, 0% used [0x00000000d5580000,0x00000000d5580000,0x00000000d6b00000)
  from space 3072K, 83% used [0x00000000d7080000,0x00000000d7301000,0x00000000d7380000)
  to   space 3072K, 0% used [0x00000000d6d80000,0x00000000d6d80000,0x00000000d7080000)
 ParOldGen       total 68608K, used 57109K [0x0000000080000000, 0x0000000084300000, 0x00000000d5580000)
  object space 68608K, 83% used [0x0000000080000000,0x00000000837c5428,0x0000000084300000)
 Metaspace       used 56479K, committed 57920K, reserved 1114112K
  class space    used 6646K, committed 7232K, reserved 1048576K
}
Event: 4.338 GC heap before
{Heap before GC invocations=33 (full 2):
 PSYoungGen      total 25088K, used 24580K [0x00000000d5580000, 0x00000000d7380000, 0x0000000100000000)
  eden space 22016K, 100% used [0x00000000d5580000,0x00000000d6b00000,0x00000000d6b00000)
  from space 3072K, 83% used [0x00000000d7080000,0x00000000d7301000,0x00000000d7380000)
  to   space 3072K, 0% used [0x00000000d6d80000,0x00000000d6d80000,0x00000000d7080000)
 ParOldGen       total 68608K, used 57109K [0x0000000080000000, 0x0000000084300000, 0x00000000d5580000)
  object space 68608K, 83% used [0x0000000080000000,0x00000000837c5428,0x0000000084300000)
 Metaspace       used 56498K, committed 57920K, reserved 1114112K
  class space    used 6646K, committed 7232K, reserved 1048576K
}
Event: 4.341 GC heap after
{Heap after GC invocations=33 (full 2):
 PSYoungGen      total 24576K, used 2528K [0x00000000d5580000, 0x00000000d7100000, 0x0000000100000000)
  eden space 22016K, 0% used [0x00000000d5580000,0x00000000d5580000,0x00000000d6b00000)
  from space 2560K, 98% used [0x00000000d6d80000,0x00000000d6ff8010,0x00000000d7000000)
  to   space 1024K, 0% used [0x00000000d7000000,0x00000000d7000000,0x00000000d7100000)
 ParOldGen       total 68608K, used 59499K [0x0000000080000000, 0x0000000084300000, 0x00000000d5580000)
  object space 68608K, 86% used [0x0000000080000000,0x0000000083a1aed8,0x0000000084300000)
 Metaspace       used 56498K, committed 57920K, reserved 1114112K
  class space    used 6646K, committed 7232K, reserved 1048576K
}
Event: 4.369 GC heap before
{Heap before GC invocations=34 (full 2):
 PSYoungGen      total 24576K, used 24544K [0x00000000d5580000, 0x00000000d7100000, 0x0000000100000000)
  eden space 22016K, 100% used [0x00000000d5580000,0x00000000d6b00000,0x00000000d6b00000)
  from space 2560K, 98% used [0x00000000d6d80000,0x00000000d6ff8010,0x00000000d7000000)
  to   space 1024K, 0% used [0x00000000d7000000,0x00000000d7000000,0x00000000d7100000)
 ParOldGen       total 68608K, used 59499K [0x0000000080000000, 0x0000000084300000, 0x00000000d5580000)
  object space 68608K, 86% used [0x0000000080000000,0x0000000083a1aed8,0x0000000084300000)
 Metaspace       used 56528K, committed 57920K, reserved 1114112K
  class space    used 6646K, committed 7232K, reserved 1048576K
}
Event: 4.372 GC heap after
{Heap after GC invocations=34 (full 2):
 PSYoungGen      total 23040K, used 1024K [0x00000000d5580000, 0x00000000d7500000, 0x0000000100000000)
  eden space 22016K, 0% used [0x00000000d5580000,0x00000000d5580000,0x00000000d6b00000)
  from space 1024K, 100% used [0x00000000d7000000,0x00000000d7100000,0x00000000d7100000)
  to   space 5120K, 0% used [0x00000000d6b00000,0x00000000d6b00000,0x00000000d7000000)
 ParOldGen       total 68608K, used 62964K [0x0000000080000000, 0x0000000084300000, 0x00000000d5580000)
  object space 68608K, 91% used [0x0000000080000000,0x0000000083d7d0e8,0x0000000084300000)
 Metaspace       used 56528K, committed 57920K, reserved 1114112K
  class space    used 6646K, committed 7232K, reserved 1048576K
}
Event: 4.512 GC heap before
{Heap before GC invocations=35 (full 2):
 PSYoungGen      total 23040K, used 20489K [0x00000000d5580000, 0x00000000d7500000, 0x0000000100000000)
  eden space 22016K, 88% used [0x00000000d5580000,0x00000000d6882558,0x00000000d6b00000)
  from space 1024K, 100% used [0x00000000d7000000,0x00000000d7100000,0x00000000d7100000)
  to   space 5120K, 0% used [0x00000000d6b00000,0x00000000d6b00000,0x00000000d7000000)
 ParOldGen       total 68608K, used 62964K [0x0000000080000000, 0x0000000084300000, 0x00000000d5580000)
  object space 68608K, 91% used [0x0000000080000000,0x0000000083d7d0e8,0x0000000084300000)
 Metaspace       used 58445K, committed 59776K, reserved 1114112K
  class space    used 6895K, committed 7488K, reserved 1048576K
}
Event: 4.513 GC heap after
{Heap after GC invocations=35 (full 2):
 PSYoungGen      total 23552K, used 1220K [0x00000000d5580000, 0x00000000d7080000, 0x0000000100000000)
  eden space 22016K, 0% used [0x00000000d5580000,0x00000000d5580000,0x00000000d6b00000)
  from space 1536K, 79% used [0x00000000d6b00000,0x00000000d6c31158,0x00000000d6c80000)
  to   space 2560K, 0% used [0x00000000d6e00000,0x00000000d6e00000,0x00000000d7080000)
 ParOldGen       total 68608K, used 64036K [0x0000000080000000, 0x0000000084300000, 0x00000000d5580000)
  object space 68608K, 93% used [0x0000000080000000,0x0000000083e890e8,0x0000000084300000)
 Metaspace       used 58445K, committed 59776K, reserved 1114112K
  class space    used 6895K, committed 7488K, reserved 1048576K
}
Event: 4.513 GC heap before
{Heap before GC invocations=36 (full 3):
 PSYoungGen      total 23552K, used 1220K [0x00000000d5580000, 0x00000000d7080000, 0x0000000100000000)
  eden space 22016K, 0% used [0x00000000d5580000,0x00000000d5580000,0x00000000d6b00000)
  from space 1536K, 79% used [0x00000000d6b00000,0x00000000d6c31158,0x00000000d6c80000)
  to   space 2560K, 0% used [0x00000000d6e00000,0x00000000d6e00000,0x00000000d7080000)
 ParOldGen       total 68608K, used 64036K [0x0000000080000000, 0x0000000084300000, 0x00000000d5580000)
  object space 68608K, 93% used [0x0000000080000000,0x0000000083e890e8,0x0000000084300000)
 Metaspace       used 58445K, committed 59776K, reserved 1114112K
  class space    used 6895K, committed 7488K, reserved 1048576K
}
Event: 4.561 GC heap after
{Heap after GC invocations=36 (full 3):
 PSYoungGen      total 23552K, used 0K [0x00000000d5580000, 0x00000000d7080000, 0x0000000100000000)
  eden space 22016K, 0% used [0x00000000d5580000,0x00000000d5580000,0x00000000d6b00000)
  from space 1536K, 0% used [0x00000000d6b00000,0x00000000d6b00000,0x00000000d6c80000)
  to   space 2560K, 0% used [0x00000000d6e00000,0x00000000d6e00000,0x00000000d7080000)
 ParOldGen       total 68608K, used 62436K [0x0000000080000000, 0x0000000084300000, 0x00000000d5580000)
  object space 68608K, 91% used [0x0000000080000000,0x0000000083cf9198,0x0000000084300000)
 Metaspace       used 58445K, committed 59776K, reserved 1114112K
  class space    used 6895K, committed 7488K, reserved 1048576K
}
Event: 4.721 GC heap before
{Heap before GC invocations=37 (full 3):
 PSYoungGen      total 23552K, used 21959K [0x00000000d5580000, 0x00000000d7080000, 0x0000000100000000)
  eden space 22016K, 99% used [0x00000000d5580000,0x00000000d6af1d50,0x00000000d6b00000)
  from space 1536K, 0% used [0x00000000d6b00000,0x00000000d6b00000,0x00000000d6c80000)
  to   space 2560K, 0% used [0x00000000d6e00000,0x00000000d6e00000,0x00000000d7080000)
 ParOldGen       total 68608K, used 62436K [0x0000000080000000, 0x0000000084300000, 0x00000000d5580000)
  object space 68608K, 91% used [0x0000000080000000,0x0000000083cf9198,0x0000000084300000)
 Metaspace       used 59759K, committed 61184K, reserved 1114112K
  class space    used 7018K, committed 7616K, reserved 1048576K
}
Event: 4.722 GC heap after
{Heap after GC invocations=37 (full 3):
 PSYoungGen      total 22528K, used 384K [0x00000000d5580000, 0x00000000d6e80000, 0x0000000100000000)
  eden space 22016K, 0% used [0x00000000d5580000,0x00000000d5580000,0x00000000d6b00000)
  from space 512K, 75% used [0x00000000d6e00000,0x00000000d6e60000,0x00000000d6e80000)
  to   space 1024K, 0% used [0x00000000d6c80000,0x00000000d6c80000,0x00000000d6d80000)
 ParOldGen       total 68608K, used 62444K [0x0000000080000000, 0x0000000084300000, 0x00000000d5580000)
  object space 68608K, 91% used [0x0000000080000000,0x0000000083cfb198,0x0000000084300000)
 Metaspace       used 59759K, committed 61184K, reserved 1114112K
  class space    used 7018K, committed 7616K, reserved 1048576K
}
Event: 4.923 GC heap before
{Heap before GC invocations=38 (full 3):
 PSYoungGen      total 22528K, used 22400K [0x00000000d5580000, 0x00000000d6e80000, 0x0000000100000000)
  eden space 22016K, 100% used [0x00000000d5580000,0x00000000d6b00000,0x00000000d6b00000)
  from space 512K, 75% used [0x00000000d6e00000,0x00000000d6e60000,0x00000000d6e80000)
  to   space 1024K, 0% used [0x00000000d6c80000,0x00000000d6c80000,0x00000000d6d80000)
 ParOldGen       total 68608K, used 62444K [0x0000000080000000, 0x0000000084300000, 0x00000000d5580000)
  object space 68608K, 91% used [0x0000000080000000,0x0000000083cfb198,0x0000000084300000)
 Metaspace       used 61941K, committed 63424K, reserved 1114112K
  class space    used 7256K, committed 7872K, reserved 1048576K
}
Event: 4.924 GC heap after
{Heap after GC invocations=38 (full 3):
 PSYoungGen      total 23040K, used 1022K [0x00000000d5580000, 0x00000000d6f00000, 0x0000000100000000)
  eden space 22016K, 0% used [0x00000000d5580000,0x00000000d5580000,0x00000000d6b00000)
  from space 1024K, 99% used [0x00000000d6c80000,0x00000000d6d7f9d0,0x00000000d6d80000)
  to   space 1536K, 0% used [0x00000000d6d80000,0x00000000d6d80000,0x00000000d6f00000)
 ParOldGen       total 68608K, used 62866K [0x0000000080000000, 0x0000000084300000, 0x00000000d5580000)
  object space 68608K, 91% used [0x0000000080000000,0x0000000083d64b48,0x0000000084300000)
 Metaspace       used 61941K, committed 63424K, reserved 1114112K
  class space    used 7256K, committed 7872K, reserved 1048576K
}
Event: 5.036 GC heap before
{Heap before GC invocations=39 (full 3):
 PSYoungGen      total 23040K, used 23038K [0x00000000d5580000, 0x00000000d6f00000, 0x0000000100000000)
  eden space 22016K, 100% used [0x00000000d5580000,0x00000000d6b00000,0x00000000d6b00000)
  from space 1024K, 99% used [0x00000000d6c80000,0x00000000d6d7f9d0,0x00000000d6d80000)
  to   space 1536K, 0% used [0x00000000d6d80000,0x00000000d6d80000,0x00000000d6f00000)
 ParOldGen       total 68608K, used 62866K [0x0000000080000000, 0x0000000084300000, 0x00000000d5580000)
  object space 68608K, 91% used [0x0000000080000000,0x0000000083d64b48,0x0000000084300000)
 Metaspace       used 62756K, committed 64128K, reserved 1114112K
  class space    used 7339K, committed 7936K, reserved 1048576K
}
Event: 5.037 GC heap after
{Heap after GC invocations=39 (full 3):
 PSYoungGen      total 23552K, used 1120K [0x00000000d5580000, 0x00000000d6f00000, 0x0000000100000000)
  eden space 22016K, 0% used [0x00000000d5580000,0x00000000d5580000,0x00000000d6b00000)
  from space 1536K, 72% used [0x00000000d6d80000,0x00000000d6e98060,0x00000000d6f00000)
  to   space 1536K, 0% used [0x00000000d6c00000,0x00000000d6c00000,0x00000000d6d80000)
 ParOldGen       total 68608K, used 63817K [0x0000000080000000, 0x0000000084300000, 0x00000000d5580000)
  object space 68608K, 93% used [0x0000000080000000,0x0000000083e526c8,0x0000000084300000)
 Metaspace       used 62756K, committed 64128K, reserved 1114112K
  class space    used 7339K, committed 7936K, reserved 1048576K
}

