# JRE version: OpenJDK Runtime Environment Corretto-17.0.3.6.1 (17.0.3+6) (build 17.0.3+6-LTS)
# Java VM: OpenJDK 64-Bit Server VM Corretto-17.0.3.6.1 (17.0.3+6-LTS, mixed mode, sharing, tiered, compressed oops, compressed class ptrs, g1 gc, windows-amd64)
GC Precious Log:
 CPUs: 12 total, 12 available
 Memory: 16333M
 Large Page Support: Disabled
 NUMA Support: Disabled
 Compressed Oops: Enabled (32-bit)
 Heap Region Size: 1M
 Heap Min Capacity: 256M
 Heap Initial Capacity: 256M
 Heap Max Capacity: 512M
 Pre-touch: Disabled
 Parallel Workers: 10
 Concurrent Workers: 3
 Concurrent Refinement Workers: 10
 Periodic GC: Disabled
Heap:
 garbage-first heap   total 262144K, used 165933K [0x00000000e0000000, 0x0000000100000000)
  region size 1024K, 115 young (117760K), 6 survivors (6144K)
 Metaspace       used 59641K, committed 60352K, reserved 372736K
  class space    used 8309K, committed 8640K, reserved 315392K
GC Heap History (20 events):
Event: 0.278 GC heap before
{Heap before GC invocations=0 (full 0):
 garbage-first heap   total 262144K, used 22528K [0x00000000e0000000, 0x0000000100000000)
  region size 1024K, 23 young (23552K), 0 survivors (0K)
 Metaspace       used 1095K, committed 1216K, reserved 323584K
  class space    used 72K, committed 128K, reserved 315392K
}
Event: 0.280 GC heap after
{Heap after GC invocations=1 (full 0):
 garbage-first heap   total 262144K, used 4014K [0x00000000e0000000, 0x0000000100000000)
  region size 1024K, 3 young (3072K), 3 survivors (3072K)
 Metaspace       used 1095K, committed 1216K, reserved 323584K
  class space    used 72K, committed 128K, reserved 315392K
}
Event: 0.772 GC heap before
{Heap before GC invocations=1 (full 0):
 garbage-first heap   total 262144K, used 39854K [0x00000000e0000000, 0x0000000100000000)
  region size 1024K, 35 young (35840K), 3 survivors (3072K)
 Metaspace       used 4345K, committed 4544K, reserved 323584K
  class space    used 547K, committed 640K, reserved 315392K
}
Event: 0.775 GC heap after
{Heap after GC invocations=2 (full 0):
 garbage-first heap   total 262144K, used 11425K [0x00000000e0000000, 0x0000000100000000)
  region size 1024K, 5 young (5120K), 5 survivors (5120K)
 Metaspace       used 4345K, committed 4544K, reserved 323584K
  class space    used 547K, committed 640K, reserved 315392K
}
Event: 1.110 GC heap before
{Heap before GC invocations=2 (full 0):
 garbage-first heap   total 262144K, used 59553K [0x00000000e0000000, 0x0000000100000000)
  region size 1024K, 50 young (51200K), 5 survivors (5120K)
 Metaspace       used 5525K, committed 5760K, reserved 323584K
  class space    used 739K, committed 832K, reserved 315392K
}
Event: 1.113 GC heap after
{Heap after GC invocations=3 (full 0):
 garbage-first heap   total 262144K, used 17511K [0x00000000e0000000, 0x0000000100000000)
  region size 1024K, 5 young (5120K), 5 survivors (5120K)
 Metaspace       used 5525K, committed 5760K, reserved 323584K
  class space    used 739K, committed 832K, reserved 315392K
}
Event: 2.415 GC heap before
{Heap before GC invocations=3 (full 0):
 garbage-first heap   total 262144K, used 120935K [0x00000000e0000000, 0x0000000100000000)
  region size 1024K, 107 young (109568K), 5 survivors (5120K)
 Metaspace       used 21186K, committed 21504K, reserved 339968K
  class space    used 3106K, committed 3264K, reserved 315392K
}
Event: 2.421 GC heap after
{Heap after GC invocations=4 (full 0):
 garbage-first heap   total 262144K, used 24027K [0x00000000e0000000, 0x0000000100000000)
  region size 1024K, 12 young (12288K), 12 survivors (12288K)
 Metaspace       used 21186K, committed 21504K, reserved 339968K
  class space    used 3106K, committed 3264K, reserved 315392K
}
Event: 3.909 GC heap before
{Heap before GC invocations=5 (full 0):
 garbage-first heap   total 262144K, used 146907K [0x00000000e0000000, 0x0000000100000000)
  region size 1024K, 129 young (132096K), 12 survivors (12288K)
 Metaspace       used 35563K, committed 35968K, reserved 348160K
  class space    used 4944K, committed 5120K, reserved 315392K
}
Event: 3.918 GC heap after
{Heap after GC invocations=6 (full 0):
 garbage-first heap   total 262144K, used 34244K [0x00000000e0000000, 0x0000000100000000)
  region size 1024K, 17 young (17408K), 17 survivors (17408K)
 Metaspace       used 35563K, committed 35968K, reserved 348160K
  class space    used 4944K, committed 5120K, reserved 315392K
}
Event: 3.928 GC heap before
{Heap before GC invocations=6 (full 0):
 garbage-first heap   total 262144K, used 35268K [0x00000000e0000000, 0x0000000100000000)
  region size 1024K, 18 young (18432K), 17 survivors (17408K)
 Metaspace       used 35662K, committed 36160K, reserved 348160K
  class space    used 4958K, committed 5184K, reserved 315392K
}
Event: 3.934 GC heap after
{Heap after GC invocations=7 (full 0):
 garbage-first heap   total 262144K, used 34923K [0x00000000e0000000, 0x0000000100000000)
  region size 1024K, 3 young (3072K), 3 survivors (3072K)
 Metaspace       used 35662K, committed 36160K, reserved 348160K
  class space    used 4958K, committed 5184K, reserved 315392K
}
Event: 3.952 GC heap before
{Heap before GC invocations=7 (full 0):
 garbage-first heap   total 262144K, used 36971K [0x00000000e0000000, 0x0000000100000000)
  region size 1024K, 6 young (6144K), 3 survivors (3072K)
 Metaspace       used 35869K, committed 36288K, reserved 348160K
  class space    used 4990K, committed 5184K, reserved 315392K
}
Event: 3.953 GC heap after
{Heap after GC invocations=8 (full 0):
 garbage-first heap   total 262144K, used 33220K [0x00000000e0000000, 0x0000000100000000)
  region size 1024K, 1 young (1024K), 1 survivors (1024K)
 Metaspace       used 35869K, committed 36288K, reserved 348160K
  class space    used 4990K, committed 5184K, reserved 315392K
}
Event: 6.488 GC heap before
{Heap before GC invocations=9 (full 0):
 garbage-first heap   total 262144K, used 190916K [0x00000000e0000000, 0x0000000100000000)
  region size 1024K, 153 young (156672K), 1 survivors (1024K)
 Metaspace       used 50097K, committed 50688K, reserved 364544K
  class space    used 7163K, committed 7424K, reserved 315392K
}
Event: 6.494 GC heap after
{Heap after GC invocations=10 (full 0):
 garbage-first heap   total 262144K, used 40945K [0x00000000e0000000, 0x0000000100000000)
  region size 1024K, 9 young (9216K), 9 survivors (9216K)
 Metaspace       used 50097K, committed 50688K, reserved 364544K
  class space    used 7163K, committed 7424K, reserved 315392K
}
Event: 10.638 GC heap before
{Heap before GC invocations=10 (full 0):
 garbage-first heap   total 262144K, used 187377K [0x00000000e0000000, 0x0000000100000000)
  region size 1024K, 153 young (156672K), 9 survivors (9216K)
 Metaspace       used 55829K, committed 56384K, reserved 364544K
  class space    used 7739K, committed 8000K, reserved 315392K
}
Event: 10.646 GC heap after
{Heap after GC invocations=11 (full 0):
 garbage-first heap   total 262144K, used 52936K [0x00000000e0000000, 0x0000000100000000)
  region size 1024K, 20 young (20480K), 20 survivors (20480K)
 Metaspace       used 55829K, committed 56384K, reserved 364544K
  class space    used 7739K, committed 8000K, reserved 315392K
}
Event: 3284.185 GC heap before
{Heap before GC invocations=11 (full 0):
 garbage-first heap   total 262144K, used 189128K [0x00000000e0000000, 0x0000000100000000)
  region size 1024K, 153 young (156672K), 20 survivors (20480K)
 Metaspace       used 59593K, committed 60288K, reserved 372736K
  class space    used 8307K, committed 8640K, reserved 315392K
}
Event: 3284.195 GC heap after
{Heap after GC invocations=12 (full 0):
 garbage-first heap   total 262144K, used 55341K [0x00000000e0000000, 0x0000000100000000)
  region size 1024K, 6 young (6144K), 6 survivors (6144K)
 Metaspace       used 59593K, committed 60288K, reserved 372736K
  class space    used 8307K, committed 8640K, reserved 315392K
}

