# JRE version: Java(TM) SE Runtime Environment (17.0.4.1+1) (build 17.0.4.1+1-LTS-2)
# Java VM: Java HotSpot(TM) 64-Bit Server VM (17.0.4.1+1-LTS-2, mixed mode, sharing, tiered, compressed oops, compressed class ptrs, g1 gc, windows-amd64)
GC Precious Log:
 CPUs: 12 total, 12 available
 Memory: 16333M
 Large Page Support: Disabled
 NUMA Support: Disabled
 Compressed Oops: Enabled (Zero based)
 Heap Region Size: 2M
 Heap Min Capacity: 8M
 Heap Initial Capacity: 256M
 Heap Max Capacity: 4084M
 Pre-touch: Disabled
 Parallel Workers: 10
 Concurrent Workers: 3
 Concurrent Refinement Workers: 10
 Periodic GC: Disabled
Heap:
 garbage-first heap   total 81920K, used 48044K [0x0000000700c00000, 0x0000000800000000)
  region size 2048K, 12 young (24576K), 2 survivors (4096K)
 Metaspace       used 75808K, committed 76416K, reserved 1122304K
  class space    used 10300K, committed 10624K, reserved 1048576K
GC Heap History (20 events):
Event: 2.422 GC heap before
{Heap before GC invocations=5 (full 0):
 garbage-first heap   total 61440K, used 17336K [0x0000000700c00000, 0x0000000800000000)
  region size 2048K, 3 young (6144K), 2 survivors (4096K)
 Metaspace       used 24473K, committed 24768K, reserved 1073152K
  class space    used 3186K, committed 3328K, reserved 1048576K
}
Event: 2.425 GC heap after
{Heap after GC invocations=6 (full 0):
 garbage-first heap   total 61440K, used 15454K [0x0000000700c00000, 0x0000000800000000)
  region size 2048K, 1 young (2048K), 1 survivors (2048K)
 Metaspace       used 24473K, committed 24768K, reserved 1073152K
  class space    used 3186K, committed 3328K, reserved 1048576K
}
Event: 2.820 GC heap before
{Heap before GC invocations=6 (full 0):
 garbage-first heap   total 61440K, used 40030K [0x0000000700c00000, 0x0000000800000000)
  region size 2048K, 13 young (26624K), 1 survivors (2048K)
 Metaspace       used 28560K, committed 28928K, reserved 1081344K
  class space    used 3801K, committed 3968K, reserved 1048576K
}
Event: 2.826 GC heap after
{Heap after GC invocations=7 (full 0):
 garbage-first heap   total 161792K, used 17415K [0x0000000700c00000, 0x0000000800000000)
  region size 2048K, 2 young (4096K), 2 survivors (4096K)
 Metaspace       used 28560K, committed 28928K, reserved 1081344K
  class space    used 3801K, committed 3968K, reserved 1048576K
}
Event: 3.292 GC heap before
{Heap before GC invocations=7 (full 0):
 garbage-first heap   total 161792K, used 46087K [0x0000000700c00000, 0x0000000800000000)
  region size 2048K, 17 young (34816K), 2 survivors (4096K)
 Metaspace       used 35625K, committed 35968K, reserved 1081344K
  class space    used 4576K, committed 4736K, reserved 1048576K
}
Event: 3.297 GC heap after
{Heap after GC invocations=8 (full 0):
 garbage-first heap   total 161792K, used 19550K [0x0000000700c00000, 0x0000000800000000)
  region size 2048K, 3 young (6144K), 3 survivors (6144K)
 Metaspace       used 35625K, committed 35968K, reserved 1081344K
  class space    used 4576K, committed 4736K, reserved 1048576K
}
Event: 3.941 GC heap before
{Heap before GC invocations=9 (full 0):
 garbage-first heap   total 81920K, used 62558K [0x0000000700c00000, 0x0000000800000000)
  region size 2048K, 24 young (49152K), 3 survivors (6144K)
 Metaspace       used 43244K, committed 43648K, reserved 1089536K
  class space    used 5778K, committed 5952K, reserved 1048576K
}
Event: 3.945 GC heap after
{Heap after GC invocations=10 (full 0):
 garbage-first heap   total 81920K, used 21874K [0x0000000700c00000, 0x0000000800000000)
  region size 2048K, 3 young (6144K), 3 survivors (6144K)
 Metaspace       used 43244K, committed 43648K, reserved 1089536K
  class space    used 5778K, committed 5952K, reserved 1048576K
}
Event: 3.981 GC heap before
{Heap before GC invocations=10 (full 0):
 garbage-first heap   total 81920K, used 23922K [0x0000000700c00000, 0x0000000800000000)
  region size 2048K, 4 young (8192K), 3 survivors (6144K)
 Metaspace       used 43714K, committed 44160K, reserved 1089536K
  class space    used 5852K, committed 6016K, reserved 1048576K
}
Event: 3.984 GC heap after
{Heap after GC invocations=11 (full 0):
 garbage-first heap   total 81920K, used 21795K [0x0000000700c00000, 0x0000000800000000)
  region size 2048K, 1 young (2048K), 1 survivors (2048K)
 Metaspace       used 43714K, committed 44160K, reserved 1089536K
  class space    used 5852K, committed 6016K, reserved 1048576K
}
Event: 4.453 GC heap before
{Heap before GC invocations=11 (full 0):
 garbage-first heap   total 81920K, used 58659K [0x0000000700c00000, 0x0000000800000000)
  region size 2048K, 19 young (38912K), 1 survivors (2048K)
 Metaspace       used 52491K, committed 52992K, reserved 1097728K
  class space    used 7118K, committed 7360K, reserved 1048576K
}
Event: 4.454 GC heap after
{Heap after GC invocations=12 (full 0):
 garbage-first heap   total 81920K, used 22587K [0x0000000700c00000, 0x0000000800000000)
  region size 2048K, 1 young (2048K), 1 survivors (2048K)
 Metaspace       used 52491K, committed 52992K, reserved 1097728K
  class space    used 7118K, committed 7360K, reserved 1048576K
}
Event: 4.924 GC heap before
{Heap before GC invocations=12 (full 0):
 garbage-first heap   total 81920K, used 61499K [0x0000000700c00000, 0x0000000800000000)
  region size 2048K, 20 young (40960K), 1 survivors (2048K)
 Metaspace       used 59308K, committed 59840K, reserved 1105920K
  class space    used 8130K, committed 8384K, reserved 1048576K
}
Event: 4.927 GC heap after
{Heap after GC invocations=13 (full 0):
 garbage-first heap   total 81920K, used 25014K [0x0000000700c00000, 0x0000000800000000)
  region size 2048K, 2 young (4096K), 2 survivors (4096K)
 Metaspace       used 59308K, committed 59840K, reserved 1105920K
  class space    used 8130K, committed 8384K, reserved 1048576K
}
Event: 4.963 GC heap before
{Heap before GC invocations=13 (full 0):
 garbage-first heap   total 81920K, used 27062K [0x0000000700c00000, 0x0000000800000000)
  region size 2048K, 4 young (8192K), 2 survivors (4096K)
 Metaspace       used 59967K, committed 60480K, reserved 1105920K
  class space    used 8194K, committed 8448K, reserved 1048576K
}
Event: 4.965 GC heap after
{Heap after GC invocations=14 (full 0):
 garbage-first heap   total 81920K, used 25416K [0x0000000700c00000, 0x0000000800000000)
  region size 2048K, 2 young (4096K), 2 survivors (4096K)
 Metaspace       used 59967K, committed 60480K, reserved 1105920K
  class space    used 8194K, committed 8448K, reserved 1048576K
}
Event: 5.542 GC heap before
{Heap before GC invocations=15 (full 0):
 garbage-first heap   total 81920K, used 62280K [0x0000000700c00000, 0x0000000800000000)
  region size 2048K, 20 young (40960K), 2 survivors (4096K)
 Metaspace       used 64805K, committed 65344K, reserved 1105920K
  class space    used 8985K, committed 9216K, reserved 1048576K
}
Event: 5.546 GC heap after
{Heap after GC invocations=16 (full 0):
 garbage-first heap   total 81920K, used 28608K [0x0000000700c00000, 0x0000000800000000)
  region size 2048K, 3 young (6144K), 3 survivors (6144K)
 Metaspace       used 64805K, committed 65344K, reserved 1105920K
  class space    used 8985K, committed 9216K, reserved 1048576K
}
Event: 92.960 GC heap before
{Heap before GC invocations=16 (full 0):
 garbage-first heap   total 81920K, used 63424K [0x0000000700c00000, 0x0000000800000000)
  region size 2048K, 20 young (40960K), 3 survivors (6144K)
 Metaspace       used 71433K, committed 72064K, reserved 1114112K
  class space    used 9807K, committed 10112K, reserved 1048576K
}
Event: 92.964 GC heap after
{Heap after GC invocations=17 (full 0):
 garbage-first heap   total 81920K, used 31660K [0x0000000700c00000, 0x0000000800000000)
  region size 2048K, 2 young (4096K), 2 survivors (4096K)
 Metaspace       used 71433K, committed 72064K, reserved 1114112K
  class space    used 9807K, committed 10112K, reserved 1048576K
}

