# JRE version: OpenJDK Runtime Environment Corretto-17.0.3.6.1 (17.0.3+6) (build 17.0.3+6-LTS)
# Java VM: OpenJDK 64-Bit Server VM Corretto-17.0.3.6.1 (17.0.3+6-LTS, mixed mode, sharing, tiered, compressed oops, compressed class ptrs, g1 gc, windows-amd64)
GC Precious Log:
 CPUs: 12 total, 12 available
 Memory: 16333M
 Large Page Support: Disabled
 NUMA Support: Disabled
 Compressed Oops: Enabled (32-bit)
 Heap Region Size: 1M
 Heap Min Capacity: 256M
 Heap Initial Capacity: 256M
 Heap Max Capacity: 512M
 Pre-touch: Disabled
 Parallel Workers: 10
 Concurrent Workers: 3
 Concurrent Refinement Workers: 10
 Periodic GC: Disabled
Heap:
 garbage-first heap   total 262144K, used 124120K [0x00000000e0000000, 0x0000000100000000)
  region size 1024K, 6 young (6144K), 1 survivors (1024K)
 Metaspace       used 75690K, committed 77888K, reserved 389120K
  class space    used 10030K, committed 10688K, reserved 315392K
GC Heap History (20 events):
Event: 10.400 GC heap before
{Heap before GC invocations=11 (full 0):
 garbage-first heap   total 262144K, used 206525K [0x00000000e0000000, 0x0000000100000000)
  region size 1024K, 153 young (156672K), 7 survivors (7168K)
 Metaspace       used 69537K, committed 70208K, reserved 380928K
  class space    used 9525K, committed 9792K, reserved 315392K
}
Event: 10.413 GC heap after
{Heap after GC invocations=12 (full 0):
 garbage-first heap   total 262144K, used 74498K [0x00000000e0000000, 0x0000000100000000)
  region size 1024K, 20 young (20480K), 20 survivors (20480K)
 Metaspace       used 69537K, committed 70208K, reserved 380928K
  class space    used 9525K, committed 9792K, reserved 315392K
}
Event: 11.003 GC heap before
{Heap before GC invocations=13 (full 0):
 garbage-first heap   total 262144K, used 199426K [0x00000000e0000000, 0x0000000100000000)
  region size 1024K, 142 young (145408K), 20 survivors (20480K)
 Metaspace       used 71067K, committed 71808K, reserved 380928K
  class space    used 9701K, committed 10048K, reserved 315392K
}
Event: 11.015 GC heap after
{Heap after GC invocations=14 (full 0):
 garbage-first heap   total 262144K, used 78372K [0x00000000e0000000, 0x0000000100000000)
  region size 1024K, 4 young (4096K), 4 survivors (4096K)
 Metaspace       used 71067K, committed 71808K, reserved 380928K
  class space    used 9701K, committed 10048K, reserved 315392K
}
Event: 68.034 GC heap before
{Heap before GC invocations=14 (full 0):
 garbage-first heap   total 262144K, used 203300K [0x00000000e0000000, 0x0000000100000000)
  region size 1024K, 127 young (130048K), 4 survivors (4096K)
 Metaspace       used 73193K, committed 73984K, reserved 380928K
  class space    used 9909K, committed 10240K, reserved 315392K
}
Event: 68.043 GC heap after
{Heap after GC invocations=15 (full 0):
 garbage-first heap   total 262144K, used 93184K [0x00000000e0000000, 0x0000000100000000)
  region size 1024K, 16 young (16384K), 16 survivors (16384K)
 Metaspace       used 73193K, committed 73984K, reserved 380928K
  class space    used 9909K, committed 10240K, reserved 315392K
}
Event: 287.167 GC heap before
{Heap before GC invocations=15 (full 0):
 garbage-first heap   total 262144K, used 203776K [0x00000000e0000000, 0x0000000100000000)
  region size 1024K, 125 young (128000K), 16 survivors (16384K)
 Metaspace       used 74751K, committed 75584K, reserved 380928K
  class space    used 10062K, committed 10432K, reserved 315392K
}
Event: 287.179 GC heap after
{Heap after GC invocations=16 (full 0):
 garbage-first heap   total 262144K, used 104116K [0x00000000e0000000, 0x0000000100000000)
  region size 1024K, 11 young (11264K), 11 survivors (11264K)
 Metaspace       used 74751K, committed 75584K, reserved 380928K
  class space    used 10062K, committed 10432K, reserved 315392K
}
Event: 287.764 GC heap before
{Heap before GC invocations=16 (full 0):
 garbage-first heap   total 262144K, used 206516K [0x00000000e0000000, 0x0000000100000000)
  region size 1024K, 110 young (112640K), 11 survivors (11264K)
 Metaspace       used 75272K, committed 76096K, reserved 389120K
  class space    used 10103K, committed 10496K, reserved 315392K
}
Event: 287.772 GC heap after
{Heap after GC invocations=17 (full 0):
 garbage-first heap   total 262144K, used 116736K [0x00000000e0000000, 0x0000000100000000)
  region size 1024K, 14 young (14336K), 14 survivors (14336K)
 Metaspace       used 75272K, committed 76096K, reserved 389120K
  class space    used 10103K, committed 10496K, reserved 315392K
}
Event: 288.454 GC heap before
{Heap before GC invocations=17 (full 0):
 garbage-first heap   total 262144K, used 203776K [0x00000000e0000000, 0x0000000100000000)
  region size 1024K, 100 young (102400K), 14 survivors (14336K)
 Metaspace       used 76922K, committed 77760K, reserved 389120K
  class space    used 10293K, committed 10688K, reserved 315392K
}
Event: 288.459 GC heap after
{Heap after GC invocations=18 (full 0):
 garbage-first heap   total 262144K, used 115712K [0x00000000e0000000, 0x0000000100000000)
  region size 1024K, 5 young (5120K), 5 survivors (5120K)
 Metaspace       used 76922K, committed 77760K, reserved 389120K
  class space    used 10293K, committed 10688K, reserved 315392K
}
Event: 520.181 GC heap before
{Heap before GC invocations=18 (full 0):
 garbage-first heap   total 262144K, used 205824K [0x00000000e0000000, 0x0000000100000000)
  region size 1024K, 94 young (96256K), 5 survivors (5120K)
 Metaspace       used 77504K, committed 78336K, reserved 389120K
  class space    used 10321K, committed 10688K, reserved 315392K
}
Event: 520.185 GC heap after
{Heap after GC invocations=19 (full 0):
 garbage-first heap   total 262144K, used 121052K [0x00000000e0000000, 0x0000000100000000)
  region size 1024K, 11 young (11264K), 11 survivors (11264K)
 Metaspace       used 77504K, committed 78336K, reserved 389120K
  class space    used 10321K, committed 10688K, reserved 315392K
}
Event: 520.729 GC heap before
{Heap before GC invocations=19 (full 0):
 garbage-first heap   total 262144K, used 209116K [0x00000000e0000000, 0x0000000100000000)
  region size 1024K, 96 young (98304K), 11 survivors (11264K)
 Metaspace       used 77808K, committed 78656K, reserved 389120K
  class space    used 10331K, committed 10688K, reserved 315392K
}
Event: 520.736 GC heap after
{Heap after GC invocations=20 (full 0):
 garbage-first heap   total 262144K, used 132736K [0x00000000e0000000, 0x0000000100000000)
  region size 1024K, 12 young (12288K), 12 survivors (12288K)
 Metaspace       used 77808K, committed 78656K, reserved 389120K
  class space    used 10331K, committed 10688K, reserved 315392K
}
Event: 796.096 GC heap before
{Heap before GC invocations=20 (full 0):
 garbage-first heap   total 262144K, used 205440K [0x00000000e0000000, 0x0000000100000000)
  region size 1024K, 84 young (86016K), 12 survivors (12288K)
 Metaspace       used 79422K, committed 80320K, reserved 389120K
  class space    used 10514K, committed 10880K, reserved 315392K
}
Event: 796.099 GC heap after
{Heap after GC invocations=21 (full 0):
 garbage-first heap   total 262144K, used 128389K [0x00000000e0000000, 0x0000000100000000)
  region size 1024K, 2 young (2048K), 2 survivors (2048K)
 Metaspace       used 79422K, committed 80320K, reserved 389120K
  class space    used 10514K, committed 10880K, reserved 315392K
}
Event: 5751.320 GC heap before
{Heap before GC invocations=22 (full 0):
 garbage-first heap   total 262144K, used 203141K [0x00000000e0000000, 0x0000000100000000)
  region size 1024K, 82 young (83968K), 2 survivors (2048K)
 Metaspace       used 75690K, committed 77888K, reserved 389120K
  class space    used 10030K, committed 10688K, reserved 315392K
}
Event: 5751.331 GC heap after
{Heap after GC invocations=23 (full 0):
 garbage-first heap   total 262144K, used 120024K [0x00000000e0000000, 0x0000000100000000)
  region size 1024K, 1 young (1024K), 1 survivors (1024K)
 Metaspace       used 75690K, committed 77888K, reserved 389120K
  class space    used 10030K, committed 10688K, reserved 315392K
}

