# JRE version: Java(TM) SE Runtime Environment (17.0.4.1+1) (build 17.0.4.1+1-LTS-2)
# Java VM: Java HotSpot(TM) 64-Bit Server VM (17.0.4.1+1-LTS-2, mixed mode, sharing, tiered, compressed oops, compressed class ptrs, g1 gc, windows-amd64)
GC Precious Log:
 CPUs: 12 total, 12 available
 Memory: 16333M
 Large Page Support: Disabled
 NUMA Support: Disabled
 Compressed Oops: Enabled (Zero based)
 Heap Region Size: 2M
 Heap Min Capacity: 8M
 Heap Initial Capacity: 256M
 Heap Max Capacity: 4084M
 Pre-touch: Disabled
 Parallel Workers: 10
 Concurrent Workers: 3
 Concurrent Refinement Workers: 10
 Periodic GC: Disabled
Heap:
 garbage-first heap   total 110592K, used 49148K [0x0000000700c00000, 0x0000000800000000)
  region size 2048K, 7 young (14336K), 2 survivors (4096K)
 Metaspace       used 89511K, committed 90112K, reserved 1130496K
  class space    used 11931K, committed 12224K, reserved 1048576K
GC Heap History (20 events):
Event: 2.212 GC heap before
{Heap before GC invocations=7 (full 0):
 garbage-first heap   total 61440K, used 40136K [0x0000000700c00000, 0x0000000800000000)
  region size 2048K, 13 young (26624K), 2 survivors (4096K)
 Metaspace       used 31971K, committed 32320K, reserved 1081344K
  class space    used 4180K, committed 4352K, reserved 1048576K
}
Event: 2.217 GC heap after
{Heap after GC invocations=8 (full 0):
 garbage-first heap   total 161792K, used 19601K [0x0000000700c00000, 0x0000000800000000)
  region size 2048K, 2 young (4096K), 2 survivors (4096K)
 Metaspace       used 31971K, committed 32320K, reserved 1081344K
  class space    used 4180K, committed 4352K, reserved 1048576K
}
Event: 2.373 GC heap before
{Heap before GC invocations=8 (full 0):
 garbage-first heap   total 161792K, used 31889K [0x0000000700c00000, 0x0000000800000000)
  region size 2048K, 9 young (18432K), 2 survivors (4096K)
 Metaspace       used 35577K, committed 35968K, reserved 1081344K
  class space    used 4553K, committed 4736K, reserved 1048576K
}
Event: 2.379 GC heap after
{Heap after GC invocations=9 (full 0):
 garbage-first heap   total 161792K, used 20794K [0x0000000700c00000, 0x0000000800000000)
  region size 2048K, 3 young (6144K), 3 survivors (6144K)
 Metaspace       used 35577K, committed 35968K, reserved 1081344K
  class space    used 4553K, committed 4736K, reserved 1048576K
}
Event: 2.907 GC heap before
{Heap before GC invocations=10 (full 0):
 garbage-first heap   total 81920K, used 65850K [0x0000000700c00000, 0x0000000800000000)
  region size 2048K, 24 young (49152K), 3 survivors (6144K)
 Metaspace       used 43680K, committed 44160K, reserved 1089536K
  class space    used 5538K, committed 5760K, reserved 1048576K
}
Event: 2.913 GC heap after
{Heap after GC invocations=11 (full 0):
 garbage-first heap   total 81920K, used 26220K [0x0000000700c00000, 0x0000000800000000)
  region size 2048K, 3 young (6144K), 3 survivors (6144K)
 Metaspace       used 43680K, committed 44160K, reserved 1089536K
  class space    used 5538K, committed 5760K, reserved 1048576K
}
Event: 2.938 GC heap before
{Heap before GC invocations=11 (full 0):
 garbage-first heap   total 81920K, used 28268K [0x0000000700c00000, 0x0000000800000000)
  region size 2048K, 4 young (8192K), 3 survivors (6144K)
 Metaspace       used 44022K, committed 44480K, reserved 1089536K
  class space    used 5560K, committed 5760K, reserved 1048576K
}
Event: 2.942 GC heap after
{Heap after GC invocations=12 (full 0):
 garbage-first heap   total 81920K, used 26822K [0x0000000700c00000, 0x0000000800000000)
  region size 2048K, 1 young (2048K), 1 survivors (2048K)
 Metaspace       used 44022K, committed 44480K, reserved 1089536K
  class space    used 5560K, committed 5760K, reserved 1048576K
}
Event: 3.362 GC heap before
{Heap before GC invocations=12 (full 0):
 garbage-first heap   total 81920K, used 59590K [0x0000000700c00000, 0x0000000800000000)
  region size 2048K, 17 young (34816K), 1 survivors (2048K)
 Metaspace       used 48801K, committed 49216K, reserved 1097728K
  class space    used 6131K, committed 6336K, reserved 1048576K
}
Event: 3.364 GC heap after
{Heap after GC invocations=13 (full 0):
 garbage-first heap   total 118784K, used 27398K [0x0000000700c00000, 0x0000000800000000)
  region size 2048K, 1 young (2048K), 1 survivors (2048K)
 Metaspace       used 48801K, committed 49216K, reserved 1097728K
  class space    used 6131K, committed 6336K, reserved 1048576K
}
Event: 4.101 GC heap before
{Heap before GC invocations=13 (full 0):
 garbage-first heap   total 118784K, used 82694K [0x0000000700c00000, 0x0000000800000000)
  region size 2048K, 29 young (59392K), 1 survivors (2048K)
 Metaspace       used 59870K, committed 60288K, reserved 1105920K
  class space    used 7793K, committed 8000K, reserved 1048576K
}
Event: 4.103 GC heap after
{Heap after GC invocations=14 (full 0):
 garbage-first heap   total 118784K, used 29566K [0x0000000700c00000, 0x0000000800000000)
  region size 2048K, 2 young (4096K), 2 survivors (4096K)
 Metaspace       used 59870K, committed 60288K, reserved 1105920K
  class space    used 7793K, committed 8000K, reserved 1048576K
}
Event: 4.865 GC heap before
{Heap before GC invocations=15 (full 0):
 garbage-first heap   total 110592K, used 91006K [0x0000000700c00000, 0x0000000800000000)
  region size 2048K, 32 young (65536K), 2 survivors (4096K)
 Metaspace       used 71786K, committed 72320K, reserved 1114112K
  class space    used 9688K, committed 9920K, reserved 1048576K
}
Event: 4.869 GC heap after
{Heap after GC invocations=16 (full 0):
 garbage-first heap   total 110592K, used 32952K [0x0000000700c00000, 0x0000000800000000)
  region size 2048K, 4 young (8192K), 4 survivors (8192K)
 Metaspace       used 71786K, committed 72320K, reserved 1114112K
  class space    used 9688K, committed 9920K, reserved 1048576K
}
Event: 4.899 GC heap before
{Heap before GC invocations=16 (full 0):
 garbage-first heap   total 110592K, used 35000K [0x0000000700c00000, 0x0000000800000000)
  region size 2048K, 5 young (10240K), 4 survivors (8192K)
 Metaspace       used 72042K, committed 72640K, reserved 1114112K
  class space    used 9727K, committed 9984K, reserved 1048576K
}
Event: 4.903 GC heap after
{Heap after GC invocations=17 (full 0):
 garbage-first heap   total 110592K, used 33672K [0x0000000700c00000, 0x0000000800000000)
  region size 2048K, 1 young (2048K), 1 survivors (2048K)
 Metaspace       used 72042K, committed 72640K, reserved 1114112K
  class space    used 9727K, committed 9984K, reserved 1048576K
}
Event: 9.019 GC heap before
{Heap before GC invocations=17 (full 0):
 garbage-first heap   total 110592K, used 86920K [0x0000000700c00000, 0x0000000800000000)
  region size 2048K, 27 young (55296K), 1 survivors (2048K)
 Metaspace       used 79375K, committed 79936K, reserved 1122304K
  class space    used 10697K, committed 10944K, reserved 1048576K
}
Event: 9.024 GC heap after
{Heap after GC invocations=18 (full 0):
 garbage-first heap   total 110592K, used 37434K [0x0000000700c00000, 0x0000000800000000)
  region size 2048K, 3 young (6144K), 3 survivors (6144K)
 Metaspace       used 79375K, committed 79936K, reserved 1122304K
  class space    used 10697K, committed 10944K, reserved 1048576K
}
Event: 3954.931 GC heap before
{Heap before GC invocations=18 (full 0):
 garbage-first heap   total 110592K, used 84538K [0x0000000700c00000, 0x0000000800000000)
  region size 2048K, 27 young (55296K), 3 survivors (6144K)
 Metaspace       used 89465K, committed 90048K, reserved 1130496K
  class space    used 11931K, committed 12224K, reserved 1048576K
}
Event: 3954.935 GC heap after
{Heap after GC invocations=19 (full 0):
 garbage-first heap   total 110592K, used 40956K [0x0000000700c00000, 0x0000000800000000)
  region size 2048K, 2 young (4096K), 2 survivors (4096K)
 Metaspace       used 89465K, committed 90048K, reserved 1130496K
  class space    used 11931K, committed 12224K, reserved 1048576K
}

